[16:00:26] [ServerMain/INFO]: [bootstrap] Running Java 21 (OpenJDK 64-Bit Server VM 21.0.6+7-LTS; Microsoft Microsoft-10800198) on Linux 6.8.0-1027-azure (amd64)
[16:00:26] [ServerMain/INFO]: [bootstrap] Loading Purpur 1.21.5-2431-HEAD@eca7806 (2025-05-12T03:47:48Z) for Minecraft 1.21.5
[16:00:28] [ServerMain/INFO]: [PluginInitializerManager] Initializing plugins...
[16:00:32] [ServerMain/INFO]: [PluginInitializerManager] Initialized 8 plugins
[16:00:32] [ServerMain/INFO]: [PluginInitializerManager] Bukkit plugins (8):
 - CustomJoinMessages (17.9.1), Essentials (2.21.1), ItemEdit (3.7.0), LuckPerms (5.4.164), SuperVanish (6.2.20), TAB (5.2.1), WorldEdit (7.3.13+7139-cdc1c25), playit-gg (0.1.4)
[16:00:47] [ServerMain/INFO]: Environment: Environment[sessionHost=https://sessionserver.mojang.com, servicesHost=https://api.minecraftservices.com, name=PROD]
[16:00:53] [ServerMain/INFO]: Loaded 1373 recipes
[16:00:53] [ServerMain/INFO]: Loaded 1484 advancements
[16:00:53] [Server thread/INFO]: Starting minecraft server version 1.21.5
[16:00:53] [Server thread/INFO]: Loading properties
[16:00:53] [Server thread/INFO]: This server is running Purpur version 1.21.5-2431-HEAD@eca7806 (2025-05-12T03:47:48Z) (Implementing API version 1.21.5-R0.1-SNAPSHOT)
[16:00:53] [Server thread/INFO]: [spark] This server bundles the spark profiler. For more information please visit https://docs.papermc.io/paper/profiling
[16:00:54] [Server thread/INFO]: Server Ping Player Sample Count: 12
[16:00:54] [Server thread/INFO]: Using 4 threads for Netty based IO
[16:00:58] [Server thread/INFO]: [MoonriseCommon] Paper is using 1 worker threads, 1 I/O threads
[16:00:58] [Server thread/INFO]: [ChunkTaskScheduler] Chunk system is using population gen parallelism: true
[16:01:00] [Server thread/INFO]: Default game type: SURVIVAL
[16:01:00] [Server thread/INFO]: Generating keypair
[16:01:00] [Server thread/INFO]: Starting Minecraft server on *:25565
[16:01:00] [Server thread/INFO]: Using epoll channel type
[16:01:00] [Server thread/INFO]: Paper: Using libdeflate (Linux x86_64) compression from Velocity.
[16:01:00] [Server thread/INFO]: Paper: Using OpenSSL 1.1.x (Linux x86_64) cipher from Velocity.
[16:01:01] [Server thread/INFO]: [SpigotLibraryLoader] [ItemEdit] Loading 5 libraries... please wait
[16:01:02] [Server thread/INFO]: [SpigotLibraryLoader] [ItemEdit] Loaded library /workspaces/Panel/libraries/net/kyori/adventure-api/4.16.0/adventure-api-4.16.0.jar
[16:01:02] [Server thread/INFO]: [SpigotLibraryLoader] [ItemEdit] Loaded library /workspaces/Panel/libraries/net/kyori/adventure-key/4.16.0/adventure-key-4.16.0.jar
[16:01:02] [Server thread/INFO]: [SpigotLibraryLoader] [ItemEdit] Loaded library /workspaces/Panel/libraries/net/kyori/examination-api/1.3.0/examination-api-1.3.0.jar
[16:01:02] [Server thread/INFO]: [SpigotLibraryLoader] [ItemEdit] Loaded library /workspaces/Panel/libraries/net/kyori/examination-string/1.3.0/examination-string-1.3.0.jar
[16:01:02] [Server thread/INFO]: [SpigotLibraryLoader] [ItemEdit] Loaded library /workspaces/Panel/libraries/org/jetbrains/annotations/24.1.0/annotations-24.1.0.jar
[16:01:02] [Server thread/INFO]: [SpigotLibraryLoader] [ItemEdit] Loaded library /workspaces/Panel/libraries/net/kyori/adventure-platform-bukkit/4.3.2/adventure-platform-bukkit-4.3.2.jar
[16:01:02] [Server thread/INFO]: [SpigotLibraryLoader] [ItemEdit] Loaded library /workspaces/Panel/libraries/net/kyori/adventure-platform-api/4.3.2/adventure-platform-api-4.3.2.jar
[16:01:02] [Server thread/INFO]: [SpigotLibraryLoader] [ItemEdit] Loaded library /workspaces/Panel/libraries/net/kyori/adventure-text-serializer-bungeecord/4.3.2/adventure-text-serializer-bungeecord-4.3.2.jar
[16:01:02] [Server thread/INFO]: [SpigotLibraryLoader] [ItemEdit] Loaded library /workspaces/Panel/libraries/net/kyori/adventure-nbt/4.13.1/adventure-nbt-4.13.1.jar
[16:01:02] [Server thread/INFO]: [SpigotLibraryLoader] [ItemEdit] Loaded library /workspaces/Panel/libraries/net/kyori/adventure-text-serializer-gson-legacy-impl/4.13.1/adventure-text-serializer-gson-legacy-impl-4.13.1.jar
[16:01:02] [Server thread/INFO]: [SpigotLibraryLoader] [ItemEdit] Loaded library /workspaces/Panel/libraries/net/kyori/adventure-platform-facet/4.3.2/adventure-platform-facet-4.3.2.jar
[16:01:02] [Server thread/INFO]: [SpigotLibraryLoader] [ItemEdit] Loaded library /workspaces/Panel/libraries/net/kyori/adventure-platform-viaversion/4.3.2/adventure-platform-viaversion-4.3.2.jar
[16:01:02] [Server thread/INFO]: [SpigotLibraryLoader] [ItemEdit] Loaded library /workspaces/Panel/libraries/net/kyori/adventure-text-minimessage/4.16.0/adventure-text-minimessage-4.16.0.jar
[16:01:02] [Server thread/INFO]: [SpigotLibraryLoader] [ItemEdit] Loaded library /workspaces/Panel/libraries/net/kyori/adventure-text-serializer-gson/4.16.0/adventure-text-serializer-gson-4.16.0.jar
[16:01:02] [Server thread/INFO]: [SpigotLibraryLoader] [ItemEdit] Loaded library /workspaces/Panel/libraries/net/kyori/adventure-text-serializer-json/4.16.0/adventure-text-serializer-json-4.16.0.jar
[16:01:02] [Server thread/INFO]: [SpigotLibraryLoader] [ItemEdit] Loaded library /workspaces/Panel/libraries/net/kyori/option/1.0.0/option-1.0.0.jar
[16:01:02] [Server thread/INFO]: [SpigotLibraryLoader] [ItemEdit] Loaded library /workspaces/Panel/libraries/com/google/code/gson/gson/2.8.0/gson-2.8.0.jar
[16:01:02] [Server thread/INFO]: [SpigotLibraryLoader] [ItemEdit] Loaded library /workspaces/Panel/libraries/net/kyori/adventure-text-serializer-legacy/4.16.0/adventure-text-serializer-legacy-4.16.0.jar
[16:01:02] [Server thread/INFO]: [LuckPerms] Loading server plugin LuckPerms v5.4.164
[16:01:02] [Server thread/INFO]: [Essentials] Loading server plugin Essentials v2.21.1
[16:01:02] [Server thread/INFO]: [SuperVanish] Loading server plugin SuperVanish v6.2.20
[16:01:02] [Server thread/INFO]: [CustomJoinMessages] Loading server plugin CustomJoinMessages v17.9.1
[16:01:02] [Server thread/INFO]: [playit-gg] Loading server plugin playit-gg v0.1.4
[16:01:02] [Server thread/INFO]: [WorldEdit] Loading server plugin WorldEdit v7.3.13+7139-cdc1c25
[16:01:04] [Server thread/INFO]: Got request to register class com.sk89q.worldedit.bukkit.BukkitServerInterface with WorldEdit [com.sk89q.worldedit.extension.platform.PlatformManager@a1ed281]
[16:01:04] [Server thread/INFO]: [ItemEdit] Loading server plugin ItemEdit v3.7.0
[16:01:04] [Server thread/INFO]: [TAB] Loading server plugin TAB v5.2.1
[16:01:04] [Server thread/INFO]: Server permissions file permissions.yml is empty, ignoring it
[16:01:04] [Server thread/INFO]: [LuckPerms] Enabling LuckPerms v5.4.164
[16:01:06] [Server thread/INFO]:         __    
[16:01:06] [Server thread/INFO]:   |    |__)   LuckPerms v5.4.164
[16:01:06] [Server thread/INFO]:   |___ |      Running on Bukkit - Purpur
[16:01:06] [Server thread/INFO]: 
[16:01:06] [Server thread/INFO]: [LuckPerms] Loading configuration...
[16:01:07] [Server thread/INFO]: [LuckPerms] Loading storage provider... [SQLITE]
[16:01:08] [Server thread/INFO]: [LuckPerms] Loading internal permission managers...
[16:01:08] [Server thread/INFO]: [LuckPerms] Performing initial data load...
[16:01:08] [Server thread/INFO]: [LuckPerms] Successfully enabled. (took 4107ms)
[16:01:08] [Server thread/INFO]: [WorldEdit] Enabling WorldEdit v7.3.13+7139-cdc1c25
[16:01:09] [Server thread/INFO]: Registering commands with com.sk89q.worldedit.bukkit.BukkitServerInterface
[16:01:09] [Server thread/INFO]: WEPIF: Using the Bukkit Permissions API.
[16:01:10] [Server thread/INFO]: Using com.sk89q.worldedit.bukkit.adapter.impl.v1_21_5.PaperweightAdapter as the Bukkit adapter
[16:01:16] [Server thread/WARN]: **** SERVER IS RUNNING IN OFFLINE/INSECURE MODE!
[16:01:16] [Server thread/WARN]: The server will make no attempt to authenticate usernames. Beware.
[16:01:16] [Server thread/WARN]: While this makes the game possible to play without internet access, it also opens up the ability for hackers to connect with any username they choose.
[16:01:16] [Server thread/WARN]: To change this, set "online-mode" to "true" in the server.properties file.
[16:01:16] [Server thread/INFO]: Preparing level "world"
[16:01:21] [Server thread/INFO]: Preparing start region for dimension minecraft:overworld
[16:01:22] [Server thread/INFO]: Preparing spawn area: 0%
[16:01:22] [Server thread/INFO]: Preparing spawn area: 0%
[16:01:22] [Server thread/INFO]: Preparing spawn area: 2%
[16:01:24] [Server thread/INFO]: Preparing spawn area: 2%
[16:01:24] [Server thread/INFO]: Preparing spawn area: 2%
[16:01:24] [Server thread/INFO]: Preparing spawn area: 4%
[16:01:26] [Server thread/INFO]: Preparing spawn area: 8%
[16:01:26] [Server thread/INFO]: Preparing spawn area: 8%
[16:01:26] [Server thread/INFO]: Preparing spawn area: 8%
[16:01:26] [Server thread/INFO]: Preparing spawn area: 8%
[16:01:26] [Server thread/INFO]: Preparing spawn area: 8%
[16:01:27] [Server thread/INFO]: Preparing spawn area: 8%
[16:01:27] [Server thread/INFO]: Time elapsed: 5558 ms
[16:01:27] [Server thread/INFO]: Preparing start region for dimension minecraft:the_nether
[16:01:27] [Server thread/INFO]: Preparing spawn area: 0%
[16:01:27] [Server thread/INFO]: Preparing spawn area: 0%
[16:01:28] [Server thread/INFO]: Preparing spawn area: 2%
[16:01:28] [Server thread/INFO]: Time elapsed: 1316 ms
[16:01:28] [Server thread/INFO]: Preparing start region for dimension minecraft:the_end
[16:01:28] [Server thread/INFO]: Preparing spawn area: 0%
[16:01:29] [Server thread/INFO]: Preparing spawn area: 36%
[16:01:29] [Server thread/INFO]: Time elapsed: 548 ms
[16:01:29] [Server thread/INFO]: [Essentials] Enabling Essentials v2.21.1
[16:01:31] [Server thread/INFO]: [Essentials] Attempting to convert old kits in config.yml to new kits.yml
[16:01:31] [Server thread/INFO]: [Essentials] No kits found to migrate.
[16:01:32] [Server thread/INFO]: [Essentials] Selected 1.14+ Sign Data Provider as the provider for SignDataProvider
[16:01:32] [Server thread/INFO]: [Essentials] Selected Reflection Formatted Command Alias Provider as the provider for FormattedCommandAliasProvider
[16:01:32] [Server thread/INFO]: [Essentials] Selected 1.14.4+ Persistent Data Container Provider as the provider for PersistentDataProvider
[16:01:32] [Server thread/INFO]: [Essentials] Selected 1.20.6+ Potion Meta Provider as the provider for PotionMetaProvider
[16:01:32] [Server thread/INFO]: [Essentials] Selected Reflection Online Mode Provider as the provider for OnlineModeProvider
[16:01:32] [Server thread/INFO]: [Essentials] Selected 1.13+ Spawn Egg Provider as the provider for SpawnEggProvider
[16:01:32] [Server thread/INFO]: [Essentials] Selected Paper Server State Provider as the provider for ServerStateProvider
[16:01:32] [Server thread/INFO]: [Essentials] Selected 1.12+ Spawner Block Provider as the provider for SpawnerBlockProvider
[16:01:32] [Server thread/INFO]: [Essentials] Selected 1.12.2+ Player Locale Provider as the provider for PlayerLocaleProvider
[16:01:32] [Server thread/INFO]: [Essentials] Selected Paper Serialization Provider as the provider for SerializationProvider
[16:01:32] [Server thread/INFO]: [Essentials] Selected 1.21.4+ Sync Commands Provider as the provider for SyncCommandsProvider
[16:01:32] [Server thread/INFO]: [Essentials] Selected 1.20.4+ Damage Event Provider as the provider for DamageEventProvider
[16:01:32] [Server thread/INFO]: [Essentials] Selected Paper Known Commands Provider as the provider for KnownCommandsProvider
[16:01:32] [Server thread/INFO]: [Essentials] Selected 1.8.3+ Spawner Item Provider as the provider for SpawnerItemProvider
[16:01:32] [Server thread/INFO]: [Essentials] Selected Paper Biome Key Provider as the provider for BiomeKeyProvider
[16:01:32] [Server thread/INFO]: [Essentials] Selected 1.21+ InventoryView Interface ABI Provider as the provider for InventoryViewProvider
[16:01:32] [Server thread/INFO]: [Essentials] Selected Paper Container Provider as the provider for ContainerProvider
[16:01:32] [Server thread/INFO]: [Essentials] Selected Paper Tick Count Provider as the provider for TickCountProvider
[16:01:32] [Server thread/INFO]: [Essentials] Selected Paper Material Tag Provider as the provider for MaterialTagProvider
[16:01:32] [Server thread/INFO]: [Essentials] Selected 1.17.1+ World Info Provider as the provider for WorldInfoProvider
[16:01:32] [Server thread/INFO]: [Essentials] Selected 1.20.5+ Banner Data Provider as the provider for BannerDataProvider
[16:01:32] [Server thread/INFO]: [Essentials] Selected 1.11+ Item Unbreakable Provider as the provider for ItemUnbreakableProvider
[16:01:33] [Server thread/INFO]: [Essentials] Loaded 43517 items from items.json.
[16:01:33] [Server thread/INFO]: [Essentials] Using locale en
[16:01:34] [Server thread/INFO]: [Essentials] ServerListPingEvent: Spigot iterator API
[16:01:35] [Server thread/INFO]: [Essentials] Starting Metrics. Opt-out using the global bStats config.
[16:01:35] [Server thread/WARN]: [Essentials] Detected supported permissions plugin LuckPerms without Vault installed.
[16:01:35] [Server thread/WARN]: [Essentials] Features such as chat prefixes/suffixes and group-related functionality will not work until you install Vault.
[16:01:35] [Server thread/INFO]: [Essentials] Using superperms-based permissions.
[16:01:35] [Server thread/INFO]: [SuperVanish] Enabling SuperVanish v6.2.20
[16:01:35] [Server thread/INFO]: [SuperVanish] Please install ProtocolLib to be able to use all SuperVanish features: https://www.spigotmc.org/resources/protocollib.1997/
[16:01:35] [Server thread/INFO]: [SuperVanish] Hooked into Essentials
[16:01:35] [Server thread/INFO]: [CustomJoinMessages] Enabling CustomJoinMessages v17.9.1
[16:01:37] [Server thread/INFO]: [CustomJoinMessages] [ACF] Enabled Asynchronous Tab Completion Support!
[16:01:37] [Server thread/INFO]: [playit-gg] Enabling playit-gg v0.1.4
[16:01:37] [Thread-9/INFO]: [gg.playit.minecraft.PlayitKeysSetup] secret key found, checking
[16:01:37] [Thread-9/INFO]: [gg.playit.minecraft.PlayitKeysSetup] check secret
[16:01:37] [Server thread/INFO]: [ItemEdit] Enabling ItemEdit v3.7.0
[16:01:37] [Server thread/INFO]: [ItemEdit] Hooking into MiniMessageAPI see https://webui.advntr.dev/
[16:01:38] [Server thread/INFO]: [ItemEdit] Selected Storage Type: YAML
[16:01:38] [Server thread/INFO]: [ItemEdit] Unable to hook into Vault
[16:01:38] [Server thread/INFO]: [ItemEdit] # Enabled (took 520 ms)
[16:01:38] [Server thread/INFO]: [TAB] Enabling TAB v5.2.1
[16:01:39] [Server thread/INFO]: [TAB] Enabled in 747ms
[16:01:39] [Thread-9/INFO]: [gg.playit.minecraft.PlayitKeysSetup] found minecraft java tunnel: inn-sunny.joinmc.link
[16:01:39] [Thread-9/INFO]: [gg.playit.minecraft.PlayitManager] keys and tunnel setup
[16:01:39] [Thread-9/INFO]: playit.gg: tunnel setup
[16:01:39] [Thread-9/INFO]: playit.gg: inn-sunny.joinmc.link
[16:01:40] [Thread-9/WARN]: [gg.playit.control.ChannelSetup] Got IO error working with :control.playit.gg/2602:fbaf:848:0:0:0:0:1, error : java.net.SocketException: Network is unreachable
[16:01:40] [Server thread/INFO]: [spark] Starting background profiler...
[16:01:41] [Thread-9/INFO]: [gg.playit.control.ChannelSetup] request queued, waiting 1 second before resend
[16:01:41] [Server thread/INFO]: Done preparing level "world" (25.276s)
[16:01:41] [Server thread/INFO]: Running delayed init tasks
[16:01:41] [Craft Scheduler Thread - 4 - Essentials/INFO]: [Essentials] Fetching version information...
[16:01:41] [Server thread/INFO]: Done (77.128s)! For help, type "help"
[16:01:41] [Craft Scheduler Thread - 6 - ItemEdit/INFO]: [ItemEdit] New Update at https://spigotmc.org/resources/40993
[16:04:04] [Server thread/INFO]: Unknown or incomplete command, see below for error
lista<--[HERE]
[16:04:05] [Server thread/INFO]: [Essentials] CONSOLE issued server command: /list 
[16:04:05] [Server thread/INFO]: There are 0 out of maximum 20 players online.
[16:04:42] [Thread-9/INFO]: [gg.playit.minecraft.PlayitManager] got new client: NewClient{connectAddr=147.185.221.194:55999, peerAddr=113.190.0.143:63994, claimAddress=209.25.142.2:43784, claimToken=[44, 0, 60, -109, -71, -35, -62, -38, -65, 113, -66, 0, -113, -7, -6, -116, -51, 74, 8, -85, 8, 104, 80, 64, -102, 0, 0, 0, 0, 0, 19, -35, -52, 0, 0, 0, 0, 0, 68, -31, 126, -71, 8, -85, 8, 0, 0, 0, 0, 18, 0, 0, 0, 0, 0, 0, 0, 7, 0, 2, -57, -66, 99, 3, 93, 113, -41, 22, -80, -94, 1, -44, -4, -51, 117, 47], tunnelServerId=7, dataCenterId=18}
[16:04:42] [Thread-9/INFO]: [gg.playit.minecraft.PlayitManager] starting tcp tunnel for client
[16:04:42] [Thread-9/INFO]: [gg.playit.minecraft.PlayitTcpTunnel] start connection to /209.25.142.2:43784 to claim client
[16:04:42] [nioEventLoopGroup-2-1/INFO]: [gg.playit.minecraft.PlayitTcpTunnel] connected to tunnel server, sending claim token
[16:04:42] [nioEventLoopGroup-2-1/INFO]: [gg.playit.minecraft.PlayitTcpTunnel] claim token sent
[16:04:42] [nioEventLoopGroup-2-1/INFO]: [gg.playit.minecraft.PlayitTcpTunnel] connection to tunnel server has been established
[16:04:42] [nioEventLoopGroup-2-1/INFO]: [gg.playit.minecraft.PlayitTcpTunnel] Reflect: ReflectionHelper{ServerConnection=class net.minecraft.server.network.ServerConnectionListener, LegacyPingHandler=class net.minecraft.server.network.LegacyQueryHandler, MinecraftServer=class net.minecraft.server.MinecraftServer, PacketSplitter=class net.minecraft.network.Varint21FrameDecoder, PacketDecoder=class net.minecraft.network.PacketDecoder, EnumProtocolDirection=class net.minecraft.network.protocol.PacketFlow, PacketPrepender=class net.minecraft.network.Varint21LengthFieldPrepender, PacketEncoder=class net.minecraft.network.PacketEncoder, NetworkManagerServer=class net.minecraft.network.RateKickingConnection, NetworkManager=class net.minecraft.network.Connection, HandshakeListener=class net.minecraft.server.network.ServerHandshakePacketListenerImpl, PacketListener=interface net.minecraft.network.PacketListener, CraftServer=class org.bukkit.craftbukkit.CraftServer}
[16:04:42] [nioEventLoopGroup-2-1/INFO]: [gg.playit.minecraft.PlayitTcpTunnel] legacyPingHandler is null
[16:04:42] [nioEventLoopGroup-2-1/INFO]: [gg.playit.minecraft.PlayitTcpTunnel] connecting to minecraft server at localhost/127.0.0.1:25565
[16:04:42] [nioEventLoopGroup-2-2/INFO]: [gg.playit.minecraft.PlayitTcpTunnel] connected to local minecraft server
[16:04:42] [Thread-9/INFO]: [gg.playit.minecraft.PlayitManager] got new client: NewClient{connectAddr=147.185.221.194:55999, peerAddr=113.190.0.143:63995, claimAddress=209.25.142.2:43784, claimToken=[44, 0, 60, -109, -71, -35, -62, -38, -65, 113, -66, 0, -113, -7, -5, 100, -99, 98, -21, -85, 8, 104, 80, 64, -102, 0, 0, 0, 0, 0, 19, -35, -52, 0, 0, 0, 0, 0, 68, -31, 126, 5, -21, -85, 8, 0, 0, 0, 0, 18, 0, 0, 0, 0, 0, 0, 0, 7, 0, 4, 72, -28, -46, -107, -48, 55, 119, 5, 71, 112, -75, 39, -44, 64, 31, -102], tunnelServerId=7, dataCenterId=18}
[16:04:42] [Thread-9/INFO]: [gg.playit.minecraft.PlayitManager] starting tcp tunnel for client
[16:04:42] [Thread-9/INFO]: [gg.playit.minecraft.PlayitTcpTunnel] start connection to /209.25.142.2:43784 to claim client
[16:04:42] [nioEventLoopGroup-2-3/INFO]: [gg.playit.minecraft.PlayitTcpTunnel] connected to tunnel server, sending claim token
[16:04:42] [nioEventLoopGroup-2-3/INFO]: [gg.playit.minecraft.PlayitTcpTunnel] claim token sent
[16:04:42] [nioEventLoopGroup-2-3/INFO]: [gg.playit.minecraft.PlayitTcpTunnel] connection to tunnel server has been established
[16:04:42] [nioEventLoopGroup-2-3/INFO]: [gg.playit.minecraft.PlayitTcpTunnel] Reflect: ReflectionHelper{ServerConnection=class net.minecraft.server.network.ServerConnectionListener, LegacyPingHandler=class net.minecraft.server.network.LegacyQueryHandler, MinecraftServer=class net.minecraft.server.MinecraftServer, PacketSplitter=class net.minecraft.network.Varint21FrameDecoder, PacketDecoder=class net.minecraft.network.PacketDecoder, EnumProtocolDirection=class net.minecraft.network.protocol.PacketFlow, PacketPrepender=class net.minecraft.network.Varint21LengthFieldPrepender, PacketEncoder=class net.minecraft.network.PacketEncoder, NetworkManagerServer=class net.minecraft.network.RateKickingConnection, NetworkManager=class net.minecraft.network.Connection, HandshakeListener=class net.minecraft.server.network.ServerHandshakePacketListenerImpl, PacketListener=interface net.minecraft.network.PacketListener, CraftServer=class org.bukkit.craftbukkit.CraftServer}
[16:04:42] [nioEventLoopGroup-2-3/INFO]: [gg.playit.minecraft.PlayitTcpTunnel] legacyPingHandler is null
[16:04:42] [nioEventLoopGroup-2-3/INFO]: [gg.playit.minecraft.PlayitTcpTunnel] connecting to minecraft server at localhost/127.0.0.1:25565
[16:04:42] [nioEventLoopGroup-2-4/INFO]: [gg.playit.minecraft.PlayitTcpTunnel] connected to local minecraft server
[16:04:42] [User Authenticator #0/INFO]: UUID of player conmemaybeo is 9f566081-d21b-3aee-a620-b53e322cacc6
[16:04:44] [Server thread/INFO]: conmemaybeo đã vào!
[16:04:44] [Server thread/INFO]: conmemaybeo[/127.0.0.1:36330] logged in with entity id 153 at ([world]16.30000001192093, 80.0, 75.46194350113339)
[16:05:42] [Thread-9/INFO]: [gg.playit.control.ChannelSetup] send keep alive
[16:08:55] [Server thread/INFO]: Villager Villager['Villager'/133, uuid='70af21e1-2ddb-49fc-a303-a8a81413deeb', l='ServerLevel[world]', x=207.30, y=77.54, z=238.10, cpos=[12, 14], tl=4217, v=true] died, message: 'Villager was squished too much'
[16:09:35] [Thread-9/INFO]: [gg.playit.minecraft.PlayitManager] got new client: NewClient{connectAddr=147.185.221.194:55999, peerAddr=183.81.75.227:23231, claimAddress=209.25.142.2:43784, claimToken=[44, 0, 60, -109, -71, -35, -62, -38, -65, -73, 81, 75, -29, 90, -65, 2, 5, 2, -101, -85, 8, 104, 80, 65, -65, 0, 0, 0, 0, 0, 19, -35, -52, 0, 0, 0, 0, 0, 68, -31, 126, 82, -101, -85, 8, 0, 0, 0, 0, 18, 0, 0, 0, 0, 0, 0, 0, 7, 0, 1, -104, -78, -111, -84, -83, -63, -4, -51, -1, 93, -28, -23, -115, 55, -57, -88], tunnelServerId=7, dataCenterId=18}
[16:09:35] [Thread-9/INFO]: [gg.playit.minecraft.PlayitManager] starting tcp tunnel for client
[16:09:35] [Thread-9/INFO]: [gg.playit.minecraft.PlayitTcpTunnel] start connection to /209.25.142.2:43784 to claim client
[16:09:35] [nioEventLoopGroup-2-1/INFO]: [gg.playit.minecraft.PlayitTcpTunnel] connected to tunnel server, sending claim token
[16:09:35] [nioEventLoopGroup-2-1/INFO]: [gg.playit.minecraft.PlayitTcpTunnel] claim token sent
[16:09:35] [nioEventLoopGroup-2-1/INFO]: [gg.playit.minecraft.PlayitTcpTunnel] connection to tunnel server has been established
[16:09:35] [nioEventLoopGroup-2-1/INFO]: [gg.playit.minecraft.PlayitTcpTunnel] Reflect: ReflectionHelper{ServerConnection=class net.minecraft.server.network.ServerConnectionListener, LegacyPingHandler=class net.minecraft.server.network.LegacyQueryHandler, MinecraftServer=class net.minecraft.server.MinecraftServer, PacketSplitter=class net.minecraft.network.Varint21FrameDecoder, PacketDecoder=class net.minecraft.network.PacketDecoder, EnumProtocolDirection=class net.minecraft.network.protocol.PacketFlow, PacketPrepender=class net.minecraft.network.Varint21LengthFieldPrepender, PacketEncoder=class net.minecraft.network.PacketEncoder, NetworkManagerServer=class net.minecraft.network.RateKickingConnection, NetworkManager=class net.minecraft.network.Connection, HandshakeListener=class net.minecraft.server.network.ServerHandshakePacketListenerImpl, PacketListener=interface net.minecraft.network.PacketListener, CraftServer=class org.bukkit.craftbukkit.CraftServer}
[16:09:35] [nioEventLoopGroup-2-1/INFO]: [gg.playit.minecraft.PlayitTcpTunnel] legacyPingHandler is null
[16:09:35] [nioEventLoopGroup-2-1/INFO]: [gg.playit.minecraft.PlayitTcpTunnel] connecting to minecraft server at localhost/127.0.0.1:25565
[16:09:35] [nioEventLoopGroup-2-2/INFO]: [gg.playit.minecraft.PlayitTcpTunnel] connected to local minecraft server
[16:09:41] [Thread-9/INFO]: [gg.playit.minecraft.PlayitManager] got new client: NewClient{connectAddr=147.185.221.194:55999, peerAddr=183.81.75.227:23749, claimAddress=209.25.142.2:43784, claimToken=[44, 0, 60, -109, -71, -35, -62, -38, -65, -73, 81, 75, -29, 92, -59, 54, 42, -36, 23, -85, 8, 104, 80, 65, -59, 0, 0, 0, 0, 0, 19, -35, -52, 0, 0, 0, 0, 0, 68, -31, 126, 73, 23, -85, 8, 0, 0, 0, 0, 18, 0, 0, 0, 0, 0, 0, 0, 7, 0, 3, -67, 68, -62, 18, -18, -7, 122, -102, -33, -78, 29, -61, 8, -40, -34, -59], tunnelServerId=7, dataCenterId=18}
[16:09:41] [Thread-9/INFO]: [gg.playit.minecraft.PlayitManager] starting tcp tunnel for client
[16:09:41] [Thread-9/INFO]: [gg.playit.minecraft.PlayitTcpTunnel] start connection to /209.25.142.2:43784 to claim client
[16:09:41] [nioEventLoopGroup-2-3/INFO]: [gg.playit.minecraft.PlayitTcpTunnel] connected to tunnel server, sending claim token
[16:09:41] [nioEventLoopGroup-2-3/INFO]: [gg.playit.minecraft.PlayitTcpTunnel] claim token sent
[16:09:41] [nioEventLoopGroup-2-3/INFO]: [gg.playit.minecraft.PlayitTcpTunnel] connection to tunnel server has been established
[16:09:41] [nioEventLoopGroup-2-3/INFO]: [gg.playit.minecraft.PlayitTcpTunnel] Reflect: ReflectionHelper{ServerConnection=class net.minecraft.server.network.ServerConnectionListener, LegacyPingHandler=class net.minecraft.server.network.LegacyQueryHandler, MinecraftServer=class net.minecraft.server.MinecraftServer, PacketSplitter=class net.minecraft.network.Varint21FrameDecoder, PacketDecoder=class net.minecraft.network.PacketDecoder, EnumProtocolDirection=class net.minecraft.network.protocol.PacketFlow, PacketPrepender=class net.minecraft.network.Varint21LengthFieldPrepender, PacketEncoder=class net.minecraft.network.PacketEncoder, NetworkManagerServer=class net.minecraft.network.RateKickingConnection, NetworkManager=class net.minecraft.network.Connection, HandshakeListener=class net.minecraft.server.network.ServerHandshakePacketListenerImpl, PacketListener=interface net.minecraft.network.PacketListener, CraftServer=class org.bukkit.craftbukkit.CraftServer}
[16:09:41] [nioEventLoopGroup-2-3/INFO]: [gg.playit.minecraft.PlayitTcpTunnel] legacyPingHandler is null
[16:09:41] [nioEventLoopGroup-2-3/INFO]: [gg.playit.minecraft.PlayitTcpTunnel] connecting to minecraft server at localhost/127.0.0.1:25565
[16:09:41] [nioEventLoopGroup-2-4/INFO]: [gg.playit.minecraft.PlayitTcpTunnel] connected to local minecraft server
[16:09:41] [User Authenticator #1/INFO]: UUID of player conmemayhehe is b4cff527-e963-36ae-ad6d-815a1d50df55
[16:09:42] [Server thread/INFO]: conmemayhehe đã vào!
[16:09:42] [Server thread/INFO]: conmemayhehe[/127.0.0.1:50790] logged in with entity id 2623 at ([world]176.05000001192093, 77.125, 152.65579653689807)
[16:09:44] [Thread-9/INFO]: [gg.playit.control.ChannelSetup] send keep alive
[16:09:53] [Server thread/INFO]: Villager Villager['Villager'/148, uuid='95e8f2f3-43f1-40cf-b9a5-54c49eea38e8', l='ServerLevel[world]', x=207.30, y=77.00, z=238.18, cpos=[12, 14], tl=4966, v=true] died, message: 'Villager was squished too much'
[16:10:23] [Server thread/INFO]: conmemaybeo issued server command: /warp spawn
[16:13:31] [Server thread/INFO]: Unknown or incomplete command, see below for error
lít<--[HERE]
[16:13:33] [Server thread/INFO]: [Essentials] CONSOLE issued server command: /list 
[16:13:33] [Server thread/INFO]: There are 2 out of maximum 20 players online.
[16:13:33] [Server thread/INFO]: default: conmemaybeo, conmemayhehe
[16:13:39] [Thread-9/INFO]: [gg.playit.minecraft.PlayitManager] got new client: NewClient{connectAddr=147.185.221.194:55999, peerAddr=171.228.148.125:50227, claimAddress=209.25.142.2:43782, claimToken=[44, 0, 60, -109, -71, -35, -62, -38, -65, -85, -28, -108, 125, -60, 51, -115, -16, -53, -6, -85, 6, 104, 80, 66, -77, 0, 0, 0, 0, 0, 19, -35, -52, 0, 0, 0, 0, 0, 68, -31, 126, -58, -6, -85, 6, 0, 0, 0, 0, 40, 0, 0, 0, 0, 0, 0, 0, 1, 0, 3, 15, -24, -84, 109, 104, 70, -60, -53, 33, 43, 69, -6, -13, -21, 51, 18], tunnelServerId=1, dataCenterId=40}
[16:13:39] [Thread-9/INFO]: [gg.playit.minecraft.PlayitManager] starting tcp tunnel for client
[16:13:39] [Thread-9/INFO]: [gg.playit.minecraft.PlayitTcpTunnel] start connection to /209.25.142.2:43782 to claim client
[16:13:39] [nioEventLoopGroup-2-1/INFO]: [gg.playit.minecraft.PlayitTcpTunnel] connected to tunnel server, sending claim token
[16:13:39] [nioEventLoopGroup-2-1/INFO]: [gg.playit.minecraft.PlayitTcpTunnel] claim token sent
[16:13:39] [nioEventLoopGroup-2-1/INFO]: [gg.playit.minecraft.PlayitTcpTunnel] connection to tunnel server has been established
[16:13:39] [nioEventLoopGroup-2-1/INFO]: [gg.playit.minecraft.PlayitTcpTunnel] Reflect: ReflectionHelper{ServerConnection=class net.minecraft.server.network.ServerConnectionListener, LegacyPingHandler=class net.minecraft.server.network.LegacyQueryHandler, MinecraftServer=class net.minecraft.server.MinecraftServer, PacketSplitter=class net.minecraft.network.Varint21FrameDecoder, PacketDecoder=class net.minecraft.network.PacketDecoder, EnumProtocolDirection=class net.minecraft.network.protocol.PacketFlow, PacketPrepender=class net.minecraft.network.Varint21LengthFieldPrepender, PacketEncoder=class net.minecraft.network.PacketEncoder, NetworkManagerServer=class net.minecraft.network.RateKickingConnection, NetworkManager=class net.minecraft.network.Connection, HandshakeListener=class net.minecraft.server.network.ServerHandshakePacketListenerImpl, PacketListener=interface net.minecraft.network.PacketListener, CraftServer=class org.bukkit.craftbukkit.CraftServer}
[16:13:39] [nioEventLoopGroup-2-1/INFO]: [gg.playit.minecraft.PlayitTcpTunnel] legacyPingHandler is null
[16:13:39] [nioEventLoopGroup-2-1/INFO]: [gg.playit.minecraft.PlayitTcpTunnel] connecting to minecraft server at localhost/127.0.0.1:25565
[16:13:39] [nioEventLoopGroup-2-2/INFO]: [gg.playit.minecraft.PlayitTcpTunnel] connected to local minecraft server
[16:13:42] [Thread-9/INFO]: [gg.playit.minecraft.PlayitManager] got new client: NewClient{connectAddr=147.185.221.194:55999, peerAddr=171.228.148.125:50231, claimAddress=209.25.142.2:43782, claimToken=[44, 0, 60, -109, -71, -35, -62, -38, -65, -85, -28, -108, 125, -60, 55, -21, -7, -80, -20, -85, 6, 104, 80, 66, -74, 0, 0, 0, 0, 0, 19, -35, -52, 0, 0, 0, 0, 0, 68, -31, 126, -66, -20, -85, 6, 0, 0, 0, 0, 40, 0, 0, 0, 0, 0, 0, 0, 1, 0, 1, -81, 81, -21, -73, -92, 52, 78, 4, -119, 25, -11, -88, 46, 117, 9, 64], tunnelServerId=1, dataCenterId=40}
[16:13:42] [Thread-9/INFO]: [gg.playit.minecraft.PlayitManager] starting tcp tunnel for client
[16:13:42] [Thread-9/INFO]: [gg.playit.minecraft.PlayitTcpTunnel] start connection to /209.25.142.2:43782 to claim client
[16:13:42] [nioEventLoopGroup-2-3/INFO]: [gg.playit.minecraft.PlayitTcpTunnel] connected to tunnel server, sending claim token
[16:13:42] [nioEventLoopGroup-2-3/INFO]: [gg.playit.minecraft.PlayitTcpTunnel] claim token sent
[16:13:42] [nioEventLoopGroup-2-3/INFO]: [gg.playit.minecraft.PlayitTcpTunnel] connection to tunnel server has been established
[16:13:42] [nioEventLoopGroup-2-3/INFO]: [gg.playit.minecraft.PlayitTcpTunnel] Reflect: ReflectionHelper{ServerConnection=class net.minecraft.server.network.ServerConnectionListener, LegacyPingHandler=class net.minecraft.server.network.LegacyQueryHandler, MinecraftServer=class net.minecraft.server.MinecraftServer, PacketSplitter=class net.minecraft.network.Varint21FrameDecoder, PacketDecoder=class net.minecraft.network.PacketDecoder, EnumProtocolDirection=class net.minecraft.network.protocol.PacketFlow, PacketPrepender=class net.minecraft.network.Varint21LengthFieldPrepender, PacketEncoder=class net.minecraft.network.PacketEncoder, NetworkManagerServer=class net.minecraft.network.RateKickingConnection, NetworkManager=class net.minecraft.network.Connection, HandshakeListener=class net.minecraft.server.network.ServerHandshakePacketListenerImpl, PacketListener=interface net.minecraft.network.PacketListener, CraftServer=class org.bukkit.craftbukkit.CraftServer}
[16:13:42] [nioEventLoopGroup-2-3/INFO]: [gg.playit.minecraft.PlayitTcpTunnel] legacyPingHandler is null
[16:13:42] [nioEventLoopGroup-2-3/INFO]: [gg.playit.minecraft.PlayitTcpTunnel] connecting to minecraft server at localhost/127.0.0.1:25565
[16:13:42] [nioEventLoopGroup-2-4/INFO]: [gg.playit.minecraft.PlayitTcpTunnel] connected to local minecraft server
[16:13:42] [User Authenticator #2/INFO]: UUID of player SuGiFX is 53158fa8-cf28-3732-ad83-b17965d36131
[16:13:44] [Server thread/INFO]: SuGiFX đã vào!
[16:13:44] [Server thread/INFO]: SuGiFX[/127.0.0.1:60014] logged in with entity id 5035 at ([world]256.92478183051026, 79.0, 233.78100577867173)
[16:13:45] [Thread-9/INFO]: [gg.playit.control.ChannelSetup] send keep alive
[16:14:02] [Server thread/INFO]: conmemayhehe issued server command: /nuke
[16:14:02] [Server thread/INFO]: [Essentials] conmemayhehe was denied access to command.
[16:14:06] [Async Chat Thread - #1/INFO]: [Not Secure] <conmemayhehe> ./nuke
[16:15:19] [Server thread/INFO]: SuGiFX issued server command: /tpa conmemaybeo
[16:15:25] [Server thread/INFO]: conmemaybeo issued server command: /tpaccept
[16:17:34] [Server thread/INFO]: conmemaybeo was burned to a crisp while fighting conmemayhehe
[16:17:45] [Thread-9/INFO]: [gg.playit.control.ChannelSetup] send keep alive
[16:18:08] [Server thread/INFO]: conmemayhehe was slain by SuGiFX using [Mẹ mày béo]
[16:19:45] [nioEventLoopGroup-2-3/WARN]: [gg.playit.minecraft.PlayitTcpTunnel] failed to send data to tunnel
[16:19:45] [Server thread/INFO]: SuGiFX lost connection: Disconnected
[16:19:45] [Server thread/INFO]: SuGiFX đã ra đi!
[16:19:46] [Thread-9/INFO]: [gg.playit.minecraft.PlayitManager] got new client: NewClient{connectAddr=147.185.221.194:55999, peerAddr=171.228.148.125:50247, claimAddress=209.25.142.2:43782, claimToken=[44, 0, 60, -109, -71, -35, -62, -38, -65, -85, -28, -108, 125, -60, 71, -19, -8, -77, 45, -85, 6, 104, 80, 68, 34, 0, 0, 0, 0, 0, 19, -35, -52, 0, 0, 0, 0, 0, 68, -31, 126, -76, 45, -85, 6, 0, 0, 0, 0, 40, 0, 0, 0, 0, 0, 0, 0, 1, 0, 4, -79, 6, -87, 23, 108, 127, -6, -26, -81, 99, 7, -50, 3, -114, 28, -4], tunnelServerId=1, dataCenterId=40}
[16:19:46] [Thread-9/INFO]: [gg.playit.minecraft.PlayitManager] starting tcp tunnel for client
[16:19:46] [Thread-9/INFO]: [gg.playit.minecraft.PlayitTcpTunnel] start connection to /209.25.142.2:43782 to claim client
[16:19:46] [nioEventLoopGroup-2-1/INFO]: [gg.playit.minecraft.PlayitTcpTunnel] connected to tunnel server, sending claim token
[16:19:46] [nioEventLoopGroup-2-1/INFO]: [gg.playit.minecraft.PlayitTcpTunnel] claim token sent
[16:19:46] [nioEventLoopGroup-2-1/INFO]: [gg.playit.minecraft.PlayitTcpTunnel] connection to tunnel server has been established
[16:19:46] [nioEventLoopGroup-2-1/INFO]: [gg.playit.minecraft.PlayitTcpTunnel] Reflect: ReflectionHelper{ServerConnection=class net.minecraft.server.network.ServerConnectionListener, LegacyPingHandler=class net.minecraft.server.network.LegacyQueryHandler, MinecraftServer=class net.minecraft.server.MinecraftServer, PacketSplitter=class net.minecraft.network.Varint21FrameDecoder, PacketDecoder=class net.minecraft.network.PacketDecoder, EnumProtocolDirection=class net.minecraft.network.protocol.PacketFlow, PacketPrepender=class net.minecraft.network.Varint21LengthFieldPrepender, PacketEncoder=class net.minecraft.network.PacketEncoder, NetworkManagerServer=class net.minecraft.network.RateKickingConnection, NetworkManager=class net.minecraft.network.Connection, HandshakeListener=class net.minecraft.server.network.ServerHandshakePacketListenerImpl, PacketListener=interface net.minecraft.network.PacketListener, CraftServer=class org.bukkit.craftbukkit.CraftServer}
[16:19:46] [nioEventLoopGroup-2-1/INFO]: [gg.playit.minecraft.PlayitTcpTunnel] legacyPingHandler is null
[16:19:46] [nioEventLoopGroup-2-1/INFO]: [gg.playit.minecraft.PlayitTcpTunnel] connecting to minecraft server at localhost/127.0.0.1:25565
[16:19:46] [nioEventLoopGroup-2-2/INFO]: [gg.playit.minecraft.PlayitTcpTunnel] connected to local minecraft server
[16:21:00] [luckperms-command-executor/INFO]: [LP] Preparing a new editor session, please wait...
[16:21:02] [luckperms-command-executor/INFO]: [LP] Click the link below to open the editor:
[16:21:02] [luckperms-command-executor/INFO]: https://luckperms.net/editor/bdNJMZt87Z
[16:21:19] [luckperms-worker-0/INFO]: [LP] An editor window has connected, but it is not yet trusted.
[16:21:19] [luckperms-worker-0/INFO]: [LP] (session id = e99f-af48, browser = Chrome on macOS)
[16:21:19] [luckperms-worker-0/INFO]: [LP] If it was you, run /luckperms trusteditor e99f-af48 to trust the session!
[16:21:32] [luckperms-command-executor/INFO]: [LP] The editor session has been marked as trusted.
[16:21:32] [luckperms-command-executor/INFO]: [LP] In the future, connections from the same browser will be trusted automatically.
[16:21:32] [luckperms-command-executor/INFO]: [LP] The plugin will now attempt to establish a connection with the editor...
[16:21:32] [luckperms-worker-0/INFO]: [LP] Editor window connected successfully.
[16:21:32] [Server thread/INFO]: conmemayhehe issued server command: /nuke
[16:21:32] [Server thread/INFO]: [Essentials] conmemayhehe was denied access to command.
[16:21:34] [Server thread/INFO]: conmemayhehe issued server command: /nuke
[16:21:34] [Server thread/INFO]: [Essentials] conmemayhehe was denied access to command.
[16:21:35] [Server thread/INFO]: conmemayhehe issued server command: /nuke
[16:21:35] [Server thread/INFO]: [Essentials] conmemayhehe was denied access to command.
[16:21:36] [Server thread/INFO]: conmemayhehe issued server command: /nuke
[16:21:36] [Server thread/INFO]: [Essentials] conmemayhehe was denied access to command.
[16:21:37] [Server thread/INFO]: conmemayhehe issued server command: /nuke
[16:21:37] [Server thread/INFO]: [Essentials] conmemayhehe was denied access to command.
[16:21:38] [Server thread/INFO]: conmemayhehe issued server command: /nuke
[16:21:38] [Server thread/INFO]: [Essentials] conmemayhehe was denied access to command.
[16:21:39] [Server thread/INFO]: conmemayhehe issued server command: /nuke
[16:21:39] [Server thread/INFO]: [Essentials] conmemayhehe was denied access to command.
[16:21:40] [Server thread/INFO]: conmemayhehe issued server command: /nuke
[16:21:40] [Server thread/INFO]: [Essentials] conmemayhehe was denied access to command.
[16:21:40] [Server thread/INFO]: conmemayhehe issued server command: /nuke
[16:21:40] [Server thread/INFO]: [Essentials] conmemayhehe was denied access to command.
[16:21:41] [Server thread/INFO]: conmemayhehe issued server command: /nuke
[16:21:41] [Server thread/INFO]: [Essentials] conmemayhehe was denied access to command.
[16:21:42] [Server thread/INFO]: conmemayhehe issued server command: /nuke
[16:21:42] [Server thread/INFO]: [Essentials] conmemayhehe was denied access to command.
[16:21:46] [Thread-9/INFO]: [gg.playit.control.ChannelSetup] send keep alive
[16:22:29] [Server thread/INFO]: conmemaybeo was shot by conmemayhehe using [Cung cua thang bo tuan anh]
[16:23:13] [luckperms-worker-1/INFO]: [LP] Changes have been received from the connected web editor session.
[16:23:13] [luckperms-worker-1/INFO]: [LP] Web editor data was applied to group default successfully.
[16:23:13] [luckperms-worker-1/INFO]: [LP] (1 addition and 0 deletions)
[16:23:13] [luckperms-worker-1/INFO]: +  minecraft.command.stop (true)
[16:23:38] [luckperms-worker-1/INFO]: [LP] Changes have been received from the connected web editor session.
[16:23:38] [luckperms-worker-1/INFO]: [LP] Web editor data was applied to group default successfully.
[16:23:38] [luckperms-worker-1/INFO]: [LP] (0 additions and 1 deletion)
[16:23:38] [luckperms-worker-1/INFO]: -  minecraft.command.stop (true)
[16:23:38] [luckperms-worker-1/INFO]: [LP] Web editor data was applied to group stop successfully.
[16:23:38] [luckperms-worker-1/INFO]: [LP] (1 addition and 0 deletions)
[16:23:38] [luckperms-worker-1/INFO]: +  minecraft.command.stop (true)
[16:23:50] [luckperms-worker-1/INFO]: [LP] Changes have been received from the connected web editor session.
[16:23:50] [luckperms-worker-1/INFO]: [LP] Web editor data was applied to user conmemaybeo successfully.
[16:23:50] [luckperms-worker-1/INFO]: [LP] (1 addition and 0 deletions)
[16:23:50] [luckperms-worker-1/INFO]: +  group.stop (true)
[16:24:12] [Server thread/INFO]: conmemayhehe issued server command: /stop
[16:24:50] [Server thread/INFO]: conmemayhehe issued server command: /nuke
[16:24:50] [Server thread/INFO]: [Essentials] conmemayhehe was denied access to command.
[16:24:56] [Server thread/INFO]: [Not Secure] [Server] NUKE cc
[16:25:02] [Async Chat Thread - #2/INFO]: [Not Secure] <conmemayhehe> huhu
[16:25:46] [Thread-9/INFO]: [gg.playit.control.ChannelSetup] send keep alive
[16:29:47] [Thread-9/INFO]: [gg.playit.control.ChannelSetup] send keep alive
[16:33:47] [Thread-9/INFO]: [gg.playit.control.ChannelSetup] send keep alive
[16:36:33] [Server thread/INFO]: [Not Secure] [Server] oi oi oi
[16:36:44] [Server thread/INFO]: [Not Secure] [Server] lam gi day
[16:36:47] [Async Chat Thread - #4/INFO]: [Not Secure] <conmemayhehe> nuke actually work
[16:36:58] [Async Chat Thread - #4/INFO]: [Not Secure] <conmemaybeo> cai nha t=))
[16:37:03] [Async Chat Thread - #5/INFO]: [Not Secure] <conmemaybeo> no d con la cai nha nua roi
[16:37:08] [Async Chat Thread - #5/INFO]: [Not Secure] <conmemaybeo> mua toi mat nang toi dau
[16:37:18] [Server thread/INFO]: [Not Secure] [Server] ?
[16:37:25] [Async Chat Thread - #5/INFO]: [Not Secure] <conmemaybeo> vao discord xem la hieu
[16:37:47] [Thread-9/INFO]: [gg.playit.control.ChannelSetup] send keep alive
[16:41:27] [Thread-9/INFO]: [gg.playit.minecraft.PlayitManager] got new client: NewClient{connectAddr=147.185.221.194:55999, peerAddr=216.128.138.102:46560, claimAddress=209.25.142.2:43786, claimToken=[44, 0, 60, -109, -71, -35, -62, -38, -65, -40, -128, -118, 102, -75, -32, 80, 54, 12, -118, -85, 10, 104, 80, 73, 55, 0, 0, 0, 0, 0, 19, -35, -52, 0, 0, 0, 0, 0, 68, -31, 126, -80, -118, -85, 10, 0, 0, 0, 0, 44, 0, 0, 0, 0, 0, 0, 0, 1, 0, 4, 99, -110, 115, 100, 103, 33, -77, -71, 81, -67, -55, 105, -45, -86, -9, 67], tunnelServerId=1, dataCenterId=44}
[16:41:27] [Thread-9/INFO]: [gg.playit.minecraft.PlayitManager] starting tcp tunnel for client
[16:41:27] [Thread-9/INFO]: [gg.playit.minecraft.PlayitTcpTunnel] start connection to /209.25.142.2:43786 to claim client
[16:41:27] [Thread-9/INFO]: [gg.playit.minecraft.PlayitManager] got new client: NewClient{connectAddr=[2602:fbaf:080c:0001:0000:0000:0000:00c2]:55999, peerAddr=[2001:19f0:6402:08f2:5400:05ff:fe0c:67c3]:44246, claimAddress=209.25.142.2:43786, claimToken=[64, 0, 88, 38, 2, -5, -81, 8, 12, 0, 1, 0, 0, 0, 0, 0, 0, 0, -62, -38, -65, 32, 1, 25, -16, 100, 2, 8, -14, 84, 0, 5, -1, -2, 12, 103, -61, -84, -42, 0, 0, 0, 0, 69, -95, -100, 117, -85, 10, 104, 80, 73, 55, 0, 0, 0, 0, 0, 19, -35, -52, 0, 0, 0, 0, 0, 68, -31, 126, -46, 117, -85, 10, 0, 0, 0, 0, 44, 0, 0, 0, 0, 0, 0, 0, 1, 0, 2, 93, 98, 24, -25, 56, -23, 103, 3, -18, 34, -76, 52, 5, -114, 58, 31], tunnelServerId=1, dataCenterId=44}
[16:41:27] [Thread-9/INFO]: [gg.playit.minecraft.PlayitManager] starting tcp tunnel for client
[16:41:27] [Thread-9/INFO]: [gg.playit.minecraft.PlayitTcpTunnel] start connection to /209.25.142.2:43786 to claim client
[16:41:27] [nioEventLoopGroup-2-3/INFO]: [gg.playit.minecraft.PlayitTcpTunnel] connected to tunnel server, sending claim token
[16:41:27] [nioEventLoopGroup-2-3/INFO]: [gg.playit.minecraft.PlayitTcpTunnel] claim token sent
[16:41:27] [nioEventLoopGroup-2-4/INFO]: [gg.playit.minecraft.PlayitTcpTunnel] connected to tunnel server, sending claim token
[16:41:27] [nioEventLoopGroup-2-4/INFO]: [gg.playit.minecraft.PlayitTcpTunnel] claim token sent
[16:41:27] [nioEventLoopGroup-2-3/INFO]: [gg.playit.minecraft.PlayitTcpTunnel] connection to tunnel server has been established
[16:41:27] [nioEventLoopGroup-2-3/INFO]: [gg.playit.minecraft.PlayitTcpTunnel] Reflect: ReflectionHelper{ServerConnection=class net.minecraft.server.network.ServerConnectionListener, LegacyPingHandler=class net.minecraft.server.network.LegacyQueryHandler, MinecraftServer=class net.minecraft.server.MinecraftServer, PacketSplitter=class net.minecraft.network.Varint21FrameDecoder, PacketDecoder=class net.minecraft.network.PacketDecoder, EnumProtocolDirection=class net.minecraft.network.protocol.PacketFlow, PacketPrepender=class net.minecraft.network.Varint21LengthFieldPrepender, PacketEncoder=class net.minecraft.network.PacketEncoder, NetworkManagerServer=class net.minecraft.network.RateKickingConnection, NetworkManager=class net.minecraft.network.Connection, HandshakeListener=class net.minecraft.server.network.ServerHandshakePacketListenerImpl, PacketListener=interface net.minecraft.network.PacketListener, CraftServer=class org.bukkit.craftbukkit.CraftServer}
[16:41:27] [nioEventLoopGroup-2-3/INFO]: [gg.playit.minecraft.PlayitTcpTunnel] legacyPingHandler is null
[16:41:27] [nioEventLoopGroup-2-3/INFO]: [gg.playit.minecraft.PlayitTcpTunnel] connecting to minecraft server at localhost/127.0.0.1:25565
[16:41:27] [nioEventLoopGroup-2-4/INFO]: [gg.playit.minecraft.PlayitTcpTunnel] connection to tunnel server has been established
[16:41:27] [nioEventLoopGroup-2-4/INFO]: [gg.playit.minecraft.PlayitTcpTunnel] Reflect: ReflectionHelper{ServerConnection=class net.minecraft.server.network.ServerConnectionListener, LegacyPingHandler=class net.minecraft.server.network.LegacyQueryHandler, MinecraftServer=class net.minecraft.server.MinecraftServer, PacketSplitter=class net.minecraft.network.Varint21FrameDecoder, PacketDecoder=class net.minecraft.network.PacketDecoder, EnumProtocolDirection=class net.minecraft.network.protocol.PacketFlow, PacketPrepender=class net.minecraft.network.Varint21LengthFieldPrepender, PacketEncoder=class net.minecraft.network.PacketEncoder, NetworkManagerServer=class net.minecraft.network.RateKickingConnection, NetworkManager=class net.minecraft.network.Connection, HandshakeListener=class net.minecraft.server.network.ServerHandshakePacketListenerImpl, PacketListener=interface net.minecraft.network.PacketListener, CraftServer=class org.bukkit.craftbukkit.CraftServer}
[16:41:27] [nioEventLoopGroup-2-4/INFO]: [gg.playit.minecraft.PlayitTcpTunnel] legacyPingHandler is null
[16:41:27] [nioEventLoopGroup-2-4/INFO]: [gg.playit.minecraft.PlayitTcpTunnel] connecting to minecraft server at localhost/127.0.0.1:25565
[16:41:27] [nioEventLoopGroup-2-2/INFO]: [gg.playit.minecraft.PlayitTcpTunnel] connected to local minecraft server
[16:41:27] [nioEventLoopGroup-2-1/INFO]: [gg.playit.minecraft.PlayitTcpTunnel] connected to local minecraft server
[16:41:27] [nioEventLoopGroup-2-1/WARN]: [gg.playit.minecraft.PlayitTcpTunnel] failed to send data to minecraft server
[16:41:27] [Thread-9/INFO]: [gg.playit.minecraft.PlayitManager] got new client: NewClient{connectAddr=147.185.221.194:55999, peerAddr=216.128.138.102:46562, claimAddress=209.25.142.2:43786, claimToken=[44, 0, 60, -109, -71, -35, -62, -38, -65, -40, -128, -118, 102, -75, -30, 36, -99, 23, 110, -85, 10, 104, 80, 73, 55, 0, 0, 0, 0, 0, 19, -35, -52, 0, 0, 0, 0, 0, 68, -31, 126, 45, 110, -85, 10, 0, 0, 0, 0, 44, 0, 0, 0, 0, 0, 0, 0, 1, 0, 2, 103, 79, -122, -66, -85, -59, -63, -70, 45, -74, -22, 96, -15, 11, 24, -125], tunnelServerId=1, dataCenterId=44}
[16:41:27] [Thread-9/INFO]: [gg.playit.minecraft.PlayitManager] starting tcp tunnel for client
[16:41:27] [Thread-9/INFO]: [gg.playit.minecraft.PlayitTcpTunnel] start connection to /209.25.142.2:43786 to claim client
[16:41:27] [nioEventLoopGroup-2-3/INFO]: [gg.playit.minecraft.PlayitTcpTunnel] connected to tunnel server, sending claim token
[16:41:27] [nioEventLoopGroup-2-3/INFO]: [gg.playit.minecraft.PlayitTcpTunnel] claim token sent
[16:41:27] [nioEventLoopGroup-2-3/INFO]: [gg.playit.minecraft.PlayitTcpTunnel] connection to tunnel server has been established
[16:41:27] [nioEventLoopGroup-2-3/INFO]: [gg.playit.minecraft.PlayitTcpTunnel] Reflect: ReflectionHelper{ServerConnection=class net.minecraft.server.network.ServerConnectionListener, LegacyPingHandler=class net.minecraft.server.network.LegacyQueryHandler, MinecraftServer=class net.minecraft.server.MinecraftServer, PacketSplitter=class net.minecraft.network.Varint21FrameDecoder, PacketDecoder=class net.minecraft.network.PacketDecoder, EnumProtocolDirection=class net.minecraft.network.protocol.PacketFlow, PacketPrepender=class net.minecraft.network.Varint21LengthFieldPrepender, PacketEncoder=class net.minecraft.network.PacketEncoder, NetworkManagerServer=class net.minecraft.network.RateKickingConnection, NetworkManager=class net.minecraft.network.Connection, HandshakeListener=class net.minecraft.server.network.ServerHandshakePacketListenerImpl, PacketListener=interface net.minecraft.network.PacketListener, CraftServer=class org.bukkit.craftbukkit.CraftServer}
[16:41:27] [nioEventLoopGroup-2-3/INFO]: [gg.playit.minecraft.PlayitTcpTunnel] legacyPingHandler is null
[16:41:27] [nioEventLoopGroup-2-3/INFO]: [gg.playit.minecraft.PlayitTcpTunnel] connecting to minecraft server at localhost/127.0.0.1:25565
[16:41:27] [nioEventLoopGroup-2-4/INFO]: [gg.playit.minecraft.PlayitTcpTunnel] connected to local minecraft server
[16:41:28] [nioEventLoopGroup-2-4/WARN]: [gg.playit.minecraft.PlayitTcpTunnel] failed to send data to minecraft server
[16:41:28] [Thread-9/INFO]: [gg.playit.minecraft.PlayitManager] got new client: NewClient{connectAddr=147.185.221.194:55999, peerAddr=216.128.138.102:46564, claimAddress=209.25.142.2:43786, claimToken=[44, 0, 60, -109, -71, -35, -62, -38, -65, -40, -128, -118, 102, -75, -28, 69, 61, 91, -34, -85, 10, 104, 80, 73, 56, 0, 0, 0, 0, 0, 19, -35, -52, 0, 0, 0, 0, 0, 68, -31, 126, -2, -34, -85, 10, 0, 0, 0, 0, 44, 0, 0, 0, 0, 0, 0, 0, 1, 0, 4, -41, 76, -20, -48, -43, -61, -122, 64, 48, 72, -125, 33, -78, 102, -95, -11], tunnelServerId=1, dataCenterId=44}
[16:41:28] [Thread-9/INFO]: [gg.playit.minecraft.PlayitManager] starting tcp tunnel for client
[16:41:28] [Thread-9/INFO]: [gg.playit.minecraft.PlayitTcpTunnel] start connection to /209.25.142.2:43786 to claim client
[16:41:28] [nioEventLoopGroup-2-1/INFO]: [gg.playit.minecraft.PlayitTcpTunnel] connected to tunnel server, sending claim token
[16:41:28] [nioEventLoopGroup-2-1/INFO]: [gg.playit.minecraft.PlayitTcpTunnel] claim token sent
[16:41:28] [nioEventLoopGroup-2-1/INFO]: [gg.playit.minecraft.PlayitTcpTunnel] connection to tunnel server has been established
[16:41:28] [nioEventLoopGroup-2-1/INFO]: [gg.playit.minecraft.PlayitTcpTunnel] Reflect: ReflectionHelper{ServerConnection=class net.minecraft.server.network.ServerConnectionListener, LegacyPingHandler=class net.minecraft.server.network.LegacyQueryHandler, MinecraftServer=class net.minecraft.server.MinecraftServer, PacketSplitter=class net.minecraft.network.Varint21FrameDecoder, PacketDecoder=class net.minecraft.network.PacketDecoder, EnumProtocolDirection=class net.minecraft.network.protocol.PacketFlow, PacketPrepender=class net.minecraft.network.Varint21LengthFieldPrepender, PacketEncoder=class net.minecraft.network.PacketEncoder, NetworkManagerServer=class net.minecraft.network.RateKickingConnection, NetworkManager=class net.minecraft.network.Connection, HandshakeListener=class net.minecraft.server.network.ServerHandshakePacketListenerImpl, PacketListener=interface net.minecraft.network.PacketListener, CraftServer=class org.bukkit.craftbukkit.CraftServer}
[16:41:28] [nioEventLoopGroup-2-1/INFO]: [gg.playit.minecraft.PlayitTcpTunnel] legacyPingHandler is null
[16:41:28] [nioEventLoopGroup-2-1/INFO]: [gg.playit.minecraft.PlayitTcpTunnel] connecting to minecraft server at localhost/127.0.0.1:25565
[16:41:28] [nioEventLoopGroup-2-2/INFO]: [gg.playit.minecraft.PlayitTcpTunnel] connected to local minecraft server
[16:41:28] [Thread-9/INFO]: [gg.playit.minecraft.PlayitManager] got new client: NewClient{connectAddr=147.185.221.194:55999, peerAddr=216.128.138.102:46566, claimAddress=209.25.142.2:43786, claimToken=[44, 0, 60, -109, -71, -35, -62, -38, -65, -40, -128, -118, 102, -75, -26, 77, -66, 86, 83, -85, 10, 104, 80, 73, 56, 0, 0, 0, 0, 0, 19, -35, -52, 0, 0, 0, 0, 0, 68, -31, 126, 22, 83, -85, 10, 0, 0, 0, 0, 44, 0, 0, 0, 0, 0, 0, 0, 1, 0, 3, 22, 62, 18, -23, -69, 31, -101, 13, -56, 54, -127, 90, -51, 32, -35, -111], tunnelServerId=1, dataCenterId=44}
[16:41:28] [Thread-9/INFO]: [gg.playit.minecraft.PlayitManager] starting tcp tunnel for client
[16:41:28] [Thread-9/INFO]: [gg.playit.minecraft.PlayitTcpTunnel] start connection to /209.25.142.2:43786 to claim client
[16:41:28] [nioEventLoopGroup-2-3/INFO]: [gg.playit.minecraft.PlayitTcpTunnel] connected to tunnel server, sending claim token
[16:41:28] [nioEventLoopGroup-2-3/INFO]: [gg.playit.minecraft.PlayitTcpTunnel] claim token sent
[16:41:28] [nioEventLoopGroup-2-3/INFO]: [gg.playit.minecraft.PlayitTcpTunnel] connection to tunnel server has been established
[16:41:28] [nioEventLoopGroup-2-3/INFO]: [gg.playit.minecraft.PlayitTcpTunnel] Reflect: ReflectionHelper{ServerConnection=class net.minecraft.server.network.ServerConnectionListener, LegacyPingHandler=class net.minecraft.server.network.LegacyQueryHandler, MinecraftServer=class net.minecraft.server.MinecraftServer, PacketSplitter=class net.minecraft.network.Varint21FrameDecoder, PacketDecoder=class net.minecraft.network.PacketDecoder, EnumProtocolDirection=class net.minecraft.network.protocol.PacketFlow, PacketPrepender=class net.minecraft.network.Varint21LengthFieldPrepender, PacketEncoder=class net.minecraft.network.PacketEncoder, NetworkManagerServer=class net.minecraft.network.RateKickingConnection, NetworkManager=class net.minecraft.network.Connection, HandshakeListener=class net.minecraft.server.network.ServerHandshakePacketListenerImpl, PacketListener=interface net.minecraft.network.PacketListener, CraftServer=class org.bukkit.craftbukkit.CraftServer}
[16:41:28] [nioEventLoopGroup-2-3/INFO]: [gg.playit.minecraft.PlayitTcpTunnel] legacyPingHandler is null
[16:41:28] [nioEventLoopGroup-2-3/INFO]: [gg.playit.minecraft.PlayitTcpTunnel] connecting to minecraft server at localhost/127.0.0.1:25565
[16:41:28] [nioEventLoopGroup-2-4/INFO]: [gg.playit.minecraft.PlayitTcpTunnel] connected to local minecraft server
[16:41:28] [nioEventLoopGroup-2-2/WARN]: [gg.playit.minecraft.PlayitTcpTunnel] failed to send data to minecraft server
[16:41:28] [Thread-9/INFO]: [gg.playit.minecraft.PlayitManager] got new client: NewClient{connectAddr=147.185.221.194:55999, peerAddr=216.128.138.102:46580, claimAddress=209.25.142.2:43786, claimToken=[44, 0, 60, -109, -71, -35, -62, -38, -65, -40, -128, -118, 102, -75, -12, 91, 99, -1, -115, -85, 10, 104, 80, 73, 56, 0, 0, 0, 0, 0, 19, -35, -52, 0, 0, 0, 0, 0, 68, -31, 126, 12, -115, -85, 10, 0, 0, 0, 0, 44, 0, 0, 0, 0, 0, 0, 0, 1, 0, 2, -104, -98, -68, 53, 6, -67, 79, -45, 0, -2, 28, 37, -128, -70, -9, -1], tunnelServerId=1, dataCenterId=44}
[16:41:28] [Thread-9/INFO]: [gg.playit.minecraft.PlayitManager] starting tcp tunnel for client
[16:41:28] [Thread-9/INFO]: [gg.playit.minecraft.PlayitTcpTunnel] start connection to /209.25.142.2:43786 to claim client
[16:41:28] [nioEventLoopGroup-2-1/INFO]: [gg.playit.minecraft.PlayitTcpTunnel] connected to tunnel server, sending claim token
[16:41:28] [nioEventLoopGroup-2-1/INFO]: [gg.playit.minecraft.PlayitTcpTunnel] claim token sent
[16:41:28] [nioEventLoopGroup-2-1/INFO]: [gg.playit.minecraft.PlayitTcpTunnel] connection to tunnel server has been established
[16:41:28] [nioEventLoopGroup-2-1/INFO]: [gg.playit.minecraft.PlayitTcpTunnel] Reflect: ReflectionHelper{ServerConnection=class net.minecraft.server.network.ServerConnectionListener, LegacyPingHandler=class net.minecraft.server.network.LegacyQueryHandler, MinecraftServer=class net.minecraft.server.MinecraftServer, PacketSplitter=class net.minecraft.network.Varint21FrameDecoder, PacketDecoder=class net.minecraft.network.PacketDecoder, EnumProtocolDirection=class net.minecraft.network.protocol.PacketFlow, PacketPrepender=class net.minecraft.network.Varint21LengthFieldPrepender, PacketEncoder=class net.minecraft.network.PacketEncoder, NetworkManagerServer=class net.minecraft.network.RateKickingConnection, NetworkManager=class net.minecraft.network.Connection, HandshakeListener=class net.minecraft.server.network.ServerHandshakePacketListenerImpl, PacketListener=interface net.minecraft.network.PacketListener, CraftServer=class org.bukkit.craftbukkit.CraftServer}
[16:41:28] [nioEventLoopGroup-2-1/INFO]: [gg.playit.minecraft.PlayitTcpTunnel] legacyPingHandler is null
[16:41:28] [nioEventLoopGroup-2-1/INFO]: [gg.playit.minecraft.PlayitTcpTunnel] connecting to minecraft server at localhost/127.0.0.1:25565
[16:41:28] [nioEventLoopGroup-2-2/INFO]: [gg.playit.minecraft.PlayitTcpTunnel] connected to local minecraft server
[16:41:28] [nioEventLoopGroup-2-2/WARN]: [gg.playit.minecraft.PlayitTcpTunnel] failed to send data to minecraft server
[16:41:29] [Thread-9/INFO]: [gg.playit.minecraft.PlayitManager] got new client: NewClient{connectAddr=147.185.221.194:55999, peerAddr=216.128.138.102:51358, claimAddress=209.25.142.2:43786, claimToken=[44, 0, 60, -109, -71, -35, -62, -38, -65, -40, -128, -118, 102, -56, -98, 116, -83, -101, 105, -85, 10, 104, 80, 73, 57, 0, 0, 0, 0, 0, 19, -35, -52, 0, 0, 0, 0, 0, 68, -31, 126, 114, 105, -85, 10, 0, 0, 0, 0, 44, 0, 0, 0, 0, 0, 0, 0, 1, 0, 2, -57, 16, 74, 61, 75, -127, -51, 62, 46, 64, 2, 100, -53, 112, 55, 90], tunnelServerId=1, dataCenterId=44}
[16:41:29] [Thread-9/INFO]: [gg.playit.minecraft.PlayitManager] starting tcp tunnel for client
[16:41:29] [Thread-9/INFO]: [gg.playit.minecraft.PlayitTcpTunnel] start connection to /209.25.142.2:43786 to claim client
[16:41:29] [nioEventLoopGroup-2-3/INFO]: [gg.playit.minecraft.PlayitTcpTunnel] connected to tunnel server, sending claim token
[16:41:29] [nioEventLoopGroup-2-3/INFO]: [gg.playit.minecraft.PlayitTcpTunnel] claim token sent
[16:41:29] [nioEventLoopGroup-2-3/INFO]: [gg.playit.minecraft.PlayitTcpTunnel] connection to tunnel server has been established
[16:41:29] [nioEventLoopGroup-2-3/INFO]: [gg.playit.minecraft.PlayitTcpTunnel] Reflect: ReflectionHelper{ServerConnection=class net.minecraft.server.network.ServerConnectionListener, LegacyPingHandler=class net.minecraft.server.network.LegacyQueryHandler, MinecraftServer=class net.minecraft.server.MinecraftServer, PacketSplitter=class net.minecraft.network.Varint21FrameDecoder, PacketDecoder=class net.minecraft.network.PacketDecoder, EnumProtocolDirection=class net.minecraft.network.protocol.PacketFlow, PacketPrepender=class net.minecraft.network.Varint21LengthFieldPrepender, PacketEncoder=class net.minecraft.network.PacketEncoder, NetworkManagerServer=class net.minecraft.network.RateKickingConnection, NetworkManager=class net.minecraft.network.Connection, HandshakeListener=class net.minecraft.server.network.ServerHandshakePacketListenerImpl, PacketListener=interface net.minecraft.network.PacketListener, CraftServer=class org.bukkit.craftbukkit.CraftServer}
[16:41:29] [nioEventLoopGroup-2-3/INFO]: [gg.playit.minecraft.PlayitTcpTunnel] legacyPingHandler is null
[16:41:29] [nioEventLoopGroup-2-3/INFO]: [gg.playit.minecraft.PlayitTcpTunnel] connecting to minecraft server at localhost/127.0.0.1:25565
[16:41:29] [nioEventLoopGroup-2-4/INFO]: [gg.playit.minecraft.PlayitTcpTunnel] connected to local minecraft server
[16:41:30] [Thread-9/INFO]: [gg.playit.minecraft.PlayitManager] got new client: NewClient{connectAddr=[2602:fbaf:080c:0001:0000:0000:0000:00c2]:55999, peerAddr=[2001:19f0:6402:08f2:5400:05ff:fe0c:67c3]:60750, claimAddress=209.25.142.2:43786, claimToken=[64, 0, 88, 38, 2, -5, -81, 8, 12, 0, 1, 0, 0, 0, 0, 0, 0, 0, -62, -38, -65, 32, 1, 25, -16, 100, 2, 8, -14, 84, 0, 5, -1, -2, 12, 103, -61, -19, 78, 0, 0, 0, 0, -62, -112, -85, 45, -85, 10, 104, 80, 73, 57, 0, 0, 0, 0, 0, 19, -35, -52, 0, 0, 0, 0, 0, 68, -31, 126, 73, 45, -85, 10, 0, 0, 0, 0, 44, 0, 0, 0, 0, 0, 0, 0, 1, 0, 3, -52, -125, 41, -92, -120, 116, -52, 76, -46, -117, 110, 19, -79, -108, 44, 65], tunnelServerId=1, dataCenterId=44}
[16:41:30] [Thread-9/INFO]: [gg.playit.minecraft.PlayitManager] starting tcp tunnel for client
[16:41:30] [Thread-9/INFO]: [gg.playit.minecraft.PlayitTcpTunnel] start connection to /209.25.142.2:43786 to claim client
[16:41:30] [nioEventLoopGroup-2-1/INFO]: [gg.playit.minecraft.PlayitTcpTunnel] connected to tunnel server, sending claim token
[16:41:30] [nioEventLoopGroup-2-1/INFO]: [gg.playit.minecraft.PlayitTcpTunnel] claim token sent
[16:41:30] [nioEventLoopGroup-2-1/INFO]: [gg.playit.minecraft.PlayitTcpTunnel] connection to tunnel server has been established
[16:41:30] [nioEventLoopGroup-2-1/INFO]: [gg.playit.minecraft.PlayitTcpTunnel] Reflect: ReflectionHelper{ServerConnection=class net.minecraft.server.network.ServerConnectionListener, LegacyPingHandler=class net.minecraft.server.network.LegacyQueryHandler, MinecraftServer=class net.minecraft.server.MinecraftServer, PacketSplitter=class net.minecraft.network.Varint21FrameDecoder, PacketDecoder=class net.minecraft.network.PacketDecoder, EnumProtocolDirection=class net.minecraft.network.protocol.PacketFlow, PacketPrepender=class net.minecraft.network.Varint21LengthFieldPrepender, PacketEncoder=class net.minecraft.network.PacketEncoder, NetworkManagerServer=class net.minecraft.network.RateKickingConnection, NetworkManager=class net.minecraft.network.Connection, HandshakeListener=class net.minecraft.server.network.ServerHandshakePacketListenerImpl, PacketListener=interface net.minecraft.network.PacketListener, CraftServer=class org.bukkit.craftbukkit.CraftServer}
[16:41:30] [nioEventLoopGroup-2-1/INFO]: [gg.playit.minecraft.PlayitTcpTunnel] legacyPingHandler is null
[16:41:30] [nioEventLoopGroup-2-1/INFO]: [gg.playit.minecraft.PlayitTcpTunnel] connecting to minecraft server at localhost/127.0.0.1:25565
[16:41:30] [nioEventLoopGroup-2-2/INFO]: [gg.playit.minecraft.PlayitTcpTunnel] connected to local minecraft server
[16:41:30] [Thread-9/INFO]: [gg.playit.minecraft.PlayitManager] got new client: NewClient{connectAddr=147.185.221.194:55999, peerAddr=216.128.138.102:51382, claimAddress=209.25.142.2:43786, claimToken=[44, 0, 60, -109, -71, -35, -62, -38, -65, -40, -128, -118, 102, -56, -74, -1, -59, -40, 111, -85, 10, 104, 80, 73, 57, 0, 0, 0, 0, 0, 19, -35, -52, 0, 0, 0, 0, 0, 68, -31, 126, -54, 111, -85, 10, 0, 0, 0, 0, 44, 0, 0, 0, 0, 0, 0, 0, 1, 0, 3, -125, 61, -73, -31, 90, 87, -2, -94, -63, 72, 23, 0, 62, -110, 44, -112], tunnelServerId=1, dataCenterId=44}
[16:41:30] [Thread-9/INFO]: [gg.playit.minecraft.PlayitManager] starting tcp tunnel for client
[16:41:30] [Thread-9/INFO]: [gg.playit.minecraft.PlayitTcpTunnel] start connection to /209.25.142.2:43786 to claim client
[16:41:30] [nioEventLoopGroup-2-3/INFO]: [gg.playit.minecraft.PlayitTcpTunnel] connected to tunnel server, sending claim token
[16:41:30] [nioEventLoopGroup-2-3/INFO]: [gg.playit.minecraft.PlayitTcpTunnel] claim token sent
[16:41:30] [nioEventLoopGroup-2-3/INFO]: [gg.playit.minecraft.PlayitTcpTunnel] connection to tunnel server has been established
[16:41:30] [nioEventLoopGroup-2-3/INFO]: [gg.playit.minecraft.PlayitTcpTunnel] Reflect: ReflectionHelper{ServerConnection=class net.minecraft.server.network.ServerConnectionListener, LegacyPingHandler=class net.minecraft.server.network.LegacyQueryHandler, MinecraftServer=class net.minecraft.server.MinecraftServer, PacketSplitter=class net.minecraft.network.Varint21FrameDecoder, PacketDecoder=class net.minecraft.network.PacketDecoder, EnumProtocolDirection=class net.minecraft.network.protocol.PacketFlow, PacketPrepender=class net.minecraft.network.Varint21LengthFieldPrepender, PacketEncoder=class net.minecraft.network.PacketEncoder, NetworkManagerServer=class net.minecraft.network.RateKickingConnection, NetworkManager=class net.minecraft.network.Connection, HandshakeListener=class net.minecraft.server.network.ServerHandshakePacketListenerImpl, PacketListener=interface net.minecraft.network.PacketListener, CraftServer=class org.bukkit.craftbukkit.CraftServer}
[16:41:30] [nioEventLoopGroup-2-3/INFO]: [gg.playit.minecraft.PlayitTcpTunnel] legacyPingHandler is null
[16:41:30] [nioEventLoopGroup-2-3/INFO]: [gg.playit.minecraft.PlayitTcpTunnel] connecting to minecraft server at localhost/127.0.0.1:25565
[16:41:30] [nioEventLoopGroup-2-4/INFO]: [gg.playit.minecraft.PlayitTcpTunnel] connected to local minecraft server
[16:41:30] [nioEventLoopGroup-2-4/WARN]: [gg.playit.minecraft.PlayitTcpTunnel] failed to send data to minecraft server
[16:41:32] [Thread-9/INFO]: [gg.playit.minecraft.PlayitManager] got new client: NewClient{connectAddr=147.185.221.194:55999, peerAddr=216.128.138.102:51396, claimAddress=209.25.142.2:43786, claimToken=[44, 0, 60, -109, -71, -35, -62, -38, -65, -40, -128, -118, 102, -56, -60, 31, 124, -14, 50, -85, 10, 104, 80, 73, 60, 0, 0, 0, 0, 0, 19, -35, -52, 0, 0, 0, 0, 0, 68, -31, 126, -107, 50, -85, 10, 0, 0, 0, 0, 44, 0, 0, 0, 0, 0, 0, 0, 1, 0, 4, 48, -16, -23, 2, -18, 75, 32, 45, 85, -31, -120, 34, 62, 44, -97, -61], tunnelServerId=1, dataCenterId=44}
[16:41:32] [Thread-9/INFO]: [gg.playit.minecraft.PlayitManager] starting tcp tunnel for client
[16:41:32] [Thread-9/INFO]: [gg.playit.minecraft.PlayitTcpTunnel] start connection to /209.25.142.2:43786 to claim client
[16:41:32] [nioEventLoopGroup-2-1/INFO]: [gg.playit.minecraft.PlayitTcpTunnel] connected to tunnel server, sending claim token
[16:41:32] [nioEventLoopGroup-2-1/INFO]: [gg.playit.minecraft.PlayitTcpTunnel] claim token sent
[16:41:32] [nioEventLoopGroup-2-1/INFO]: [gg.playit.minecraft.PlayitTcpTunnel] connection to tunnel server has been established
[16:41:32] [nioEventLoopGroup-2-1/INFO]: [gg.playit.minecraft.PlayitTcpTunnel] Reflect: ReflectionHelper{ServerConnection=class net.minecraft.server.network.ServerConnectionListener, LegacyPingHandler=class net.minecraft.server.network.LegacyQueryHandler, MinecraftServer=class net.minecraft.server.MinecraftServer, PacketSplitter=class net.minecraft.network.Varint21FrameDecoder, PacketDecoder=class net.minecraft.network.PacketDecoder, EnumProtocolDirection=class net.minecraft.network.protocol.PacketFlow, PacketPrepender=class net.minecraft.network.Varint21LengthFieldPrepender, PacketEncoder=class net.minecraft.network.PacketEncoder, NetworkManagerServer=class net.minecraft.network.RateKickingConnection, NetworkManager=class net.minecraft.network.Connection, HandshakeListener=class net.minecraft.server.network.ServerHandshakePacketListenerImpl, PacketListener=interface net.minecraft.network.PacketListener, CraftServer=class org.bukkit.craftbukkit.CraftServer}
[16:41:32] [nioEventLoopGroup-2-1/INFO]: [gg.playit.minecraft.PlayitTcpTunnel] legacyPingHandler is null
[16:41:32] [nioEventLoopGroup-2-1/INFO]: [gg.playit.minecraft.PlayitTcpTunnel] connecting to minecraft server at localhost/127.0.0.1:25565
[16:41:32] [nioEventLoopGroup-2-2/INFO]: [gg.playit.minecraft.PlayitTcpTunnel] connected to local minecraft server
[16:41:32] [nioEventLoopGroup-2-2/WARN]: [gg.playit.minecraft.PlayitTcpTunnel] failed to send data to minecraft server
[16:41:33] [Thread-9/INFO]: [gg.playit.minecraft.PlayitManager] got new client: NewClient{connectAddr=147.185.221.194:55999, peerAddr=216.128.138.102:51400, claimAddress=209.25.142.2:43786, claimToken=[44, 0, 60, -109, -71, -35, -62, -38, -65, -40, -128, -118, 102, -56, -56, 45, -44, 78, -43, -85, 10, 104, 80, 73, 61, 0, 0, 0, 0, 0, 19, -35, -52, 0, 0, 0, 0, 0, 68, -31, 126, -119, -43, -85, 10, 0, 0, 0, 0, 44, 0, 0, 0, 0, 0, 0, 0, 1, 0, 3, -119, -60, -15, 25, -33, 24, -2, -66, -75, 19, -73, 113, 66, 48, 36, 95], tunnelServerId=1, dataCenterId=44}
[16:41:33] [Thread-9/INFO]: [gg.playit.minecraft.PlayitManager] starting tcp tunnel for client
[16:41:33] [Thread-9/INFO]: [gg.playit.minecraft.PlayitTcpTunnel] start connection to /209.25.142.2:43786 to claim client
[16:41:33] [nioEventLoopGroup-2-3/INFO]: [gg.playit.minecraft.PlayitTcpTunnel] connected to tunnel server, sending claim token
[16:41:33] [nioEventLoopGroup-2-3/INFO]: [gg.playit.minecraft.PlayitTcpTunnel] claim token sent
[16:41:33] [nioEventLoopGroup-2-3/INFO]: [gg.playit.minecraft.PlayitTcpTunnel] connection to tunnel server has been established
[16:41:33] [nioEventLoopGroup-2-3/INFO]: [gg.playit.minecraft.PlayitTcpTunnel] Reflect: ReflectionHelper{ServerConnection=class net.minecraft.server.network.ServerConnectionListener, LegacyPingHandler=class net.minecraft.server.network.LegacyQueryHandler, MinecraftServer=class net.minecraft.server.MinecraftServer, PacketSplitter=class net.minecraft.network.Varint21FrameDecoder, PacketDecoder=class net.minecraft.network.PacketDecoder, EnumProtocolDirection=class net.minecraft.network.protocol.PacketFlow, PacketPrepender=class net.minecraft.network.Varint21LengthFieldPrepender, PacketEncoder=class net.minecraft.network.PacketEncoder, NetworkManagerServer=class net.minecraft.network.RateKickingConnection, NetworkManager=class net.minecraft.network.Connection, HandshakeListener=class net.minecraft.server.network.ServerHandshakePacketListenerImpl, PacketListener=interface net.minecraft.network.PacketListener, CraftServer=class org.bukkit.craftbukkit.CraftServer}
[16:41:33] [nioEventLoopGroup-2-3/INFO]: [gg.playit.minecraft.PlayitTcpTunnel] legacyPingHandler is null
[16:41:33] [nioEventLoopGroup-2-3/INFO]: [gg.playit.minecraft.PlayitTcpTunnel] connecting to minecraft server at localhost/127.0.0.1:25565
[16:41:33] [nioEventLoopGroup-2-4/INFO]: [gg.playit.minecraft.PlayitTcpTunnel] connected to local minecraft server
[16:41:33] [nioEventLoopGroup-2-4/WARN]: [gg.playit.minecraft.PlayitTcpTunnel] failed to send data to minecraft server
[16:41:33] [Thread-9/INFO]: [gg.playit.minecraft.PlayitManager] got new client: NewClient{connectAddr=147.185.221.194:55999, peerAddr=216.128.138.102:51408, claimAddress=209.25.142.2:43786, claimToken=[44, 0, 60, -109, -71, -35, -62, -38, -65, -40, -128, -118, 102, -56, -48, 3, 37, -29, 21, -85, 10, 104, 80, 73, 61, 0, 0, 0, 0, 0, 19, -35, -52, 0, 0, 0, 0, 0, 68, -31, 126, 108, 21, -85, 10, 0, 0, 0, 0, 44, 0, 0, 0, 0, 0, 0, 0, 1, 0, 2, 30, -104, 70, -114, 124, 108, 78, -47, -91, 99, -87, 104, -50, -35, 10, -50], tunnelServerId=1, dataCenterId=44}
[16:41:33] [Thread-9/INFO]: [gg.playit.minecraft.PlayitManager] starting tcp tunnel for client
[16:41:33] [Thread-9/INFO]: [gg.playit.minecraft.PlayitTcpTunnel] start connection to /209.25.142.2:43786 to claim client
[16:41:33] [nioEventLoopGroup-2-1/INFO]: [gg.playit.minecraft.PlayitTcpTunnel] connected to tunnel server, sending claim token
[16:41:33] [nioEventLoopGroup-2-1/INFO]: [gg.playit.minecraft.PlayitTcpTunnel] claim token sent
[16:41:33] [nioEventLoopGroup-2-1/INFO]: [gg.playit.minecraft.PlayitTcpTunnel] connection to tunnel server has been established
[16:41:33] [nioEventLoopGroup-2-1/INFO]: [gg.playit.minecraft.PlayitTcpTunnel] Reflect: ReflectionHelper{ServerConnection=class net.minecraft.server.network.ServerConnectionListener, LegacyPingHandler=class net.minecraft.server.network.LegacyQueryHandler, MinecraftServer=class net.minecraft.server.MinecraftServer, PacketSplitter=class net.minecraft.network.Varint21FrameDecoder, PacketDecoder=class net.minecraft.network.PacketDecoder, EnumProtocolDirection=class net.minecraft.network.protocol.PacketFlow, PacketPrepender=class net.minecraft.network.Varint21LengthFieldPrepender, PacketEncoder=class net.minecraft.network.PacketEncoder, NetworkManagerServer=class net.minecraft.network.RateKickingConnection, NetworkManager=class net.minecraft.network.Connection, HandshakeListener=class net.minecraft.server.network.ServerHandshakePacketListenerImpl, PacketListener=interface net.minecraft.network.PacketListener, CraftServer=class org.bukkit.craftbukkit.CraftServer}
[16:41:33] [nioEventLoopGroup-2-1/INFO]: [gg.playit.minecraft.PlayitTcpTunnel] legacyPingHandler is null
[16:41:33] [nioEventLoopGroup-2-1/INFO]: [gg.playit.minecraft.PlayitTcpTunnel] connecting to minecraft server at localhost/127.0.0.1:25565
[16:41:33] [nioEventLoopGroup-2-2/INFO]: [gg.playit.minecraft.PlayitTcpTunnel] connected to local minecraft server
[16:41:36] [Thread-9/INFO]: [gg.playit.minecraft.PlayitManager] got new client: NewClient{connectAddr=147.185.221.194:55999, peerAddr=216.128.138.102:51412, claimAddress=209.25.142.2:43786, claimToken=[44, 0, 60, -109, -71, -35, -62, -38, -65, -40, -128, -118, 102, -56, -44, -8, 28, 2, 54, -85, 10, 104, 80, 73, 64, 0, 0, 0, 0, 0, 19, -35, -52, 0, 0, 0, 0, 0, 68, -31, 126, -36, 54, -85, 10, 0, 0, 0, 0, 44, 0, 0, 0, 0, 0, 0, 0, 1, 0, 4, 50, 17, 78, 116, 88, 102, 52, 124, 25, 106, 6, 121, 21, -69, 118, 1], tunnelServerId=1, dataCenterId=44}
[16:41:36] [Thread-9/INFO]: [gg.playit.minecraft.PlayitManager] starting tcp tunnel for client
[16:41:36] [Thread-9/INFO]: [gg.playit.minecraft.PlayitTcpTunnel] start connection to /209.25.142.2:43786 to claim client
[16:41:36] [nioEventLoopGroup-2-3/INFO]: [gg.playit.minecraft.PlayitTcpTunnel] connected to tunnel server, sending claim token
[16:41:36] [nioEventLoopGroup-2-3/INFO]: [gg.playit.minecraft.PlayitTcpTunnel] claim token sent
[16:41:36] [nioEventLoopGroup-2-3/INFO]: [gg.playit.minecraft.PlayitTcpTunnel] connection to tunnel server has been established
[16:41:36] [nioEventLoopGroup-2-3/INFO]: [gg.playit.minecraft.PlayitTcpTunnel] Reflect: ReflectionHelper{ServerConnection=class net.minecraft.server.network.ServerConnectionListener, LegacyPingHandler=class net.minecraft.server.network.LegacyQueryHandler, MinecraftServer=class net.minecraft.server.MinecraftServer, PacketSplitter=class net.minecraft.network.Varint21FrameDecoder, PacketDecoder=class net.minecraft.network.PacketDecoder, EnumProtocolDirection=class net.minecraft.network.protocol.PacketFlow, PacketPrepender=class net.minecraft.network.Varint21LengthFieldPrepender, PacketEncoder=class net.minecraft.network.PacketEncoder, NetworkManagerServer=class net.minecraft.network.RateKickingConnection, NetworkManager=class net.minecraft.network.Connection, HandshakeListener=class net.minecraft.server.network.ServerHandshakePacketListenerImpl, PacketListener=interface net.minecraft.network.PacketListener, CraftServer=class org.bukkit.craftbukkit.CraftServer}
[16:41:36] [nioEventLoopGroup-2-3/INFO]: [gg.playit.minecraft.PlayitTcpTunnel] legacyPingHandler is null
[16:41:36] [nioEventLoopGroup-2-3/INFO]: [gg.playit.minecraft.PlayitTcpTunnel] connecting to minecraft server at localhost/127.0.0.1:25565
[16:41:36] [nioEventLoopGroup-2-4/INFO]: [gg.playit.minecraft.PlayitTcpTunnel] connected to local minecraft server
[16:41:38] [Thread-9/INFO]: [gg.playit.minecraft.PlayitManager] got new client: NewClient{connectAddr=[2602:fbaf:080c:0001:0000:0000:0000:00c2]:55999, peerAddr=[2001:19f0:6402:08f2:5400:05ff:fe0c:67c3]:60772, claimAddress=209.25.142.2:43786, claimToken=[64, 0, 88, 38, 2, -5, -81, 8, 12, 0, 1, 0, 0, 0, 0, 0, 0, 0, -62, -38, -65, 32, 1, 25, -16, 100, 2, 8, -14, 84, 0, 5, -1, -2, 12, 103, -61, -19, 100, 0, 0, 0, 0, -67, -69, 99, -44, -85, 10, 104, 80, 73, 65, 0, 0, 0, 0, 0, 19, -35, -52, 0, 0, 0, 0, 0, 68, -31, 126, 40, -44, -85, 10, 0, 0, 0, 0, 44, 0, 0, 0, 0, 0, 0, 0, 1, 0, 4, 71, -79, 33, -58, 96, 24, 42, -77, 27, -101, -28, 101, -59, 29, -119, -79], tunnelServerId=1, dataCenterId=44}
[16:41:38] [Thread-9/INFO]: [gg.playit.minecraft.PlayitManager] starting tcp tunnel for client
[16:41:38] [Thread-9/INFO]: [gg.playit.minecraft.PlayitTcpTunnel] start connection to /209.25.142.2:43786 to claim client
[16:41:38] [nioEventLoopGroup-2-1/INFO]: [gg.playit.minecraft.PlayitTcpTunnel] connected to tunnel server, sending claim token
[16:41:38] [nioEventLoopGroup-2-1/INFO]: [gg.playit.minecraft.PlayitTcpTunnel] claim token sent
[16:41:38] [nioEventLoopGroup-2-1/INFO]: [gg.playit.minecraft.PlayitTcpTunnel] connection to tunnel server has been established
[16:41:38] [nioEventLoopGroup-2-1/INFO]: [gg.playit.minecraft.PlayitTcpTunnel] Reflect: ReflectionHelper{ServerConnection=class net.minecraft.server.network.ServerConnectionListener, LegacyPingHandler=class net.minecraft.server.network.LegacyQueryHandler, MinecraftServer=class net.minecraft.server.MinecraftServer, PacketSplitter=class net.minecraft.network.Varint21FrameDecoder, PacketDecoder=class net.minecraft.network.PacketDecoder, EnumProtocolDirection=class net.minecraft.network.protocol.PacketFlow, PacketPrepender=class net.minecraft.network.Varint21LengthFieldPrepender, PacketEncoder=class net.minecraft.network.PacketEncoder, NetworkManagerServer=class net.minecraft.network.RateKickingConnection, NetworkManager=class net.minecraft.network.Connection, HandshakeListener=class net.minecraft.server.network.ServerHandshakePacketListenerImpl, PacketListener=interface net.minecraft.network.PacketListener, CraftServer=class org.bukkit.craftbukkit.CraftServer}
[16:41:38] [nioEventLoopGroup-2-1/INFO]: [gg.playit.minecraft.PlayitTcpTunnel] legacyPingHandler is null
[16:41:38] [nioEventLoopGroup-2-1/INFO]: [gg.playit.minecraft.PlayitTcpTunnel] connecting to minecraft server at localhost/127.0.0.1:25565
[16:41:38] [nioEventLoopGroup-2-2/INFO]: [gg.playit.minecraft.PlayitTcpTunnel] connected to local minecraft server
[16:41:50] [Thread-9/INFO]: [gg.playit.control.ChannelSetup] send keep alive
[16:43:01] [Server thread/INFO]: [Essentials] CONSOLE issued server command: /jail 
[16:43:01] [Server thread/INFO]: Jails/Unjails a player, TPs them to the jail specified.
[16:43:01] [Server thread/INFO]: /jail <player> <jailname> [datediff]
[16:43:43] [Async Chat Thread - #6/INFO]: [Not Secure] <conmemaybeo> kelp
[16:43:46] [Thread-9/INFO]: [gg.playit.minecraft.PlayitManager] got new client: NewClient{connectAddr=147.185.221.194:55999, peerAddr=193.138.218.161:40892, claimAddress=209.25.142.2:43783, claimToken=[44, 0, 60, -109, -71, -35, -62, -38, -65, -63, -118, -38, -95, -97, -68, -9, 17, 75, 78, -85, 7, 104, 80, 73, -62, 0, 0, 0, 0, 0, 19, -35, -52, 0, 0, 0, 0, 0, 68, -31, 126, -109, 78, -85, 7, 0, 0, 0, 0, 36, 0, 0, 0, 0, 0, 0, 0, 1, 0, 1, -85, -125, -96, -95, -56, 1, -122, -27, 58, 17, 51, 80, -41, -91, -6, 63], tunnelServerId=1, dataCenterId=36}
[16:43:46] [Thread-9/INFO]: [gg.playit.minecraft.PlayitManager] starting tcp tunnel for client
[16:43:46] [Thread-9/INFO]: [gg.playit.minecraft.PlayitTcpTunnel] start connection to /209.25.142.2:43783 to claim client
[16:43:46] [nioEventLoopGroup-2-3/INFO]: [gg.playit.minecraft.PlayitTcpTunnel] connected to tunnel server, sending claim token
[16:43:46] [nioEventLoopGroup-2-3/INFO]: [gg.playit.minecraft.PlayitTcpTunnel] claim token sent
[16:43:46] [nioEventLoopGroup-2-3/INFO]: [gg.playit.minecraft.PlayitTcpTunnel] connection to tunnel server has been established
[16:43:46] [nioEventLoopGroup-2-3/INFO]: [gg.playit.minecraft.PlayitTcpTunnel] Reflect: ReflectionHelper{ServerConnection=class net.minecraft.server.network.ServerConnectionListener, LegacyPingHandler=class net.minecraft.server.network.LegacyQueryHandler, MinecraftServer=class net.minecraft.server.MinecraftServer, PacketSplitter=class net.minecraft.network.Varint21FrameDecoder, PacketDecoder=class net.minecraft.network.PacketDecoder, EnumProtocolDirection=class net.minecraft.network.protocol.PacketFlow, PacketPrepender=class net.minecraft.network.Varint21LengthFieldPrepender, PacketEncoder=class net.minecraft.network.PacketEncoder, NetworkManagerServer=class net.minecraft.network.RateKickingConnection, NetworkManager=class net.minecraft.network.Connection, HandshakeListener=class net.minecraft.server.network.ServerHandshakePacketListenerImpl, PacketListener=interface net.minecraft.network.PacketListener, CraftServer=class org.bukkit.craftbukkit.CraftServer}
[16:43:46] [nioEventLoopGroup-2-3/INFO]: [gg.playit.minecraft.PlayitTcpTunnel] legacyPingHandler is null
[16:43:46] [nioEventLoopGroup-2-3/INFO]: [gg.playit.minecraft.PlayitTcpTunnel] connecting to minecraft server at localhost/127.0.0.1:25565
[16:43:46] [nioEventLoopGroup-2-4/INFO]: [gg.playit.minecraft.PlayitTcpTunnel] connected to local minecraft server
[16:44:34] [Thread-9/INFO]: [gg.playit.minecraft.PlayitManager] got new client: NewClient{connectAddr=209.25.142.194:55999, peerAddr=155.2.214.137:46558, claimAddress=209.25.142.2:43783, claimToken=[44, 0, 60, -47, 25, -114, -62, -38, -65, -101, 2, -42, -119, -75, -34, -75, -114, -69, -102, -85, 7, 104, 80, 73, -14, 0, 0, 0, 0, 0, 19, -35, -52, 0, 0, 0, 0, 0, 68, -31, 126, -55, -102, -85, 7, 0, 0, 0, 0, 16, 0, 0, 0, 0, 0, 0, 0, 3, 0, 1, -55, 15, 47, 112, 51, 28, -112, 85, -72, 76, 112, 10, 60, 25, -29, 107], tunnelServerId=3, dataCenterId=16}
[16:44:34] [Thread-9/INFO]: [gg.playit.minecraft.PlayitManager] starting tcp tunnel for client
[16:44:34] [Thread-9/INFO]: [gg.playit.minecraft.PlayitTcpTunnel] start connection to /209.25.142.2:43783 to claim client
[16:44:34] [nioEventLoopGroup-2-1/INFO]: [gg.playit.minecraft.PlayitTcpTunnel] connected to tunnel server, sending claim token
[16:44:34] [nioEventLoopGroup-2-1/INFO]: [gg.playit.minecraft.PlayitTcpTunnel] claim token sent
[16:44:34] [nioEventLoopGroup-2-1/INFO]: [gg.playit.minecraft.PlayitTcpTunnel] connection to tunnel server has been established
[16:44:34] [nioEventLoopGroup-2-1/INFO]: [gg.playit.minecraft.PlayitTcpTunnel] Reflect: ReflectionHelper{ServerConnection=class net.minecraft.server.network.ServerConnectionListener, LegacyPingHandler=class net.minecraft.server.network.LegacyQueryHandler, MinecraftServer=class net.minecraft.server.MinecraftServer, PacketSplitter=class net.minecraft.network.Varint21FrameDecoder, PacketDecoder=class net.minecraft.network.PacketDecoder, EnumProtocolDirection=class net.minecraft.network.protocol.PacketFlow, PacketPrepender=class net.minecraft.network.Varint21LengthFieldPrepender, PacketEncoder=class net.minecraft.network.PacketEncoder, NetworkManagerServer=class net.minecraft.network.RateKickingConnection, NetworkManager=class net.minecraft.network.Connection, HandshakeListener=class net.minecraft.server.network.ServerHandshakePacketListenerImpl, PacketListener=interface net.minecraft.network.PacketListener, CraftServer=class org.bukkit.craftbukkit.CraftServer}
[16:44:34] [nioEventLoopGroup-2-1/INFO]: [gg.playit.minecraft.PlayitTcpTunnel] legacyPingHandler is null
[16:44:34] [nioEventLoopGroup-2-1/INFO]: [gg.playit.minecraft.PlayitTcpTunnel] connecting to minecraft server at localhost/127.0.0.1:25565
[16:44:34] [nioEventLoopGroup-2-2/INFO]: [gg.playit.minecraft.PlayitTcpTunnel] connected to local minecraft server
[16:44:57] [Thread-9/INFO]: [gg.playit.minecraft.PlayitManager] got new client: NewClient{connectAddr=209.25.141.194:55999, peerAddr=155.2.214.137:47502, claimAddress=209.25.142.2:43783, claimToken=[44, 0, 60, -47, 25, -115, -62, -38, -65, -101, 2, -42, -119, -71, -114, -118, -63, -117, -103, -85, 7, 104, 80, 74, 9, 0, 0, 0, 0, 0, 19, -35, -52, 0, 0, 0, 0, 0, 68, -31, 126, 97, -103, -85, 7, 0, 0, 0, 0, 36, 0, 0, 0, 0, 0, 0, 0, 1, 0, 2, 46, -95, 29, -99, 114, 84, -42, -96, -108, -71, -53, -75, -27, -128, -23, -88], tunnelServerId=1, dataCenterId=36}
[16:44:57] [Thread-9/INFO]: [gg.playit.minecraft.PlayitManager] starting tcp tunnel for client
[16:44:57] [Thread-9/INFO]: [gg.playit.minecraft.PlayitTcpTunnel] start connection to /209.25.142.2:43783 to claim client
[16:44:57] [nioEventLoopGroup-2-3/INFO]: [gg.playit.minecraft.PlayitTcpTunnel] connected to tunnel server, sending claim token
[16:44:57] [nioEventLoopGroup-2-3/INFO]: [gg.playit.minecraft.PlayitTcpTunnel] claim token sent
[16:44:57] [nioEventLoopGroup-2-3/INFO]: [gg.playit.minecraft.PlayitTcpTunnel] connection to tunnel server has been established
[16:44:57] [nioEventLoopGroup-2-3/INFO]: [gg.playit.minecraft.PlayitTcpTunnel] Reflect: ReflectionHelper{ServerConnection=class net.minecraft.server.network.ServerConnectionListener, LegacyPingHandler=class net.minecraft.server.network.LegacyQueryHandler, MinecraftServer=class net.minecraft.server.MinecraftServer, PacketSplitter=class net.minecraft.network.Varint21FrameDecoder, PacketDecoder=class net.minecraft.network.PacketDecoder, EnumProtocolDirection=class net.minecraft.network.protocol.PacketFlow, PacketPrepender=class net.minecraft.network.Varint21LengthFieldPrepender, PacketEncoder=class net.minecraft.network.PacketEncoder, NetworkManagerServer=class net.minecraft.network.RateKickingConnection, NetworkManager=class net.minecraft.network.Connection, HandshakeListener=class net.minecraft.server.network.ServerHandshakePacketListenerImpl, PacketListener=interface net.minecraft.network.PacketListener, CraftServer=class org.bukkit.craftbukkit.CraftServer}
[16:44:57] [nioEventLoopGroup-2-3/INFO]: [gg.playit.minecraft.PlayitTcpTunnel] legacyPingHandler is null
[16:44:57] [nioEventLoopGroup-2-3/INFO]: [gg.playit.minecraft.PlayitTcpTunnel] connecting to minecraft server at localhost/127.0.0.1:25565
[16:44:57] [nioEventLoopGroup-2-4/INFO]: [gg.playit.minecraft.PlayitTcpTunnel] connected to local minecraft server
